2025-11-05 09:31:18 [Info] Kullanıcı girişi başarılı: zehrauslu
2025-11-05 09:31:21 [Info] Tüm yazarlar listelendi.
2025-11-05 09:31:35 [Info] Kullanıcı girişi başarılı: esrauslu
2025-11-05 09:31:37 [Info] Tüm yazarlar listelendi.
2025-11-05 09:31:38 [Info] Tüm kategoriler listelendi
2025-11-05 09:31:39 [Info] Tüm yazarlar listelendi.
2025-11-05 09:31:40 [Info] Tüm kategoriler listelendi
2025-11-05 09:33:07 [Info] Kullanıcı girişi başarılı: zzuu
2025-11-05 09:33:09 [Info] Tüm yazarlar listelendi.
2025-11-05 09:33:10 [Info] Tüm kategoriler listelendi
2025-11-05 09:33:11 [Info] Tüm yazarlar listelendi.
2025-11-05 09:33:12 [Info] Tüm kategoriler listelendi
2025-11-05 09:33:12 [Info] Tüm yazarlar listelendi.
2025-11-05 09:33:12 [Info] Tüm kategoriler listelendi
2025-11-05 09:33:16 [Info] Tüm kategoriler listelendi
2025-11-05 09:33:16 [Info] Tüm yazarlar listelendi.
2025-11-05 09:33:21 [Info] Tüm yazarlar listelendi.
2025-11-05 09:33:21 [Info] Tüm kategoriler listelendi
2025-11-05 09:33:24 [Info] Tüm yazarlar listelendi.
2025-11-05 09:33:24 [Info] Tüm kategoriler listelendi
2025-11-05 09:33:25 [Info] Tüm yazarlar listelendi.
2025-11-05 09:33:25 [Info] Tüm kategoriler listelendi
2025-11-05 09:33:28 [Info] Tüm yazarlar listelendi.
2025-11-05 09:33:43 [Info] Tüm yazarlar listelendi.
2025-11-05 09:33:44 [Info] Tüm kategoriler listelendi
2025-11-05 09:33:45 [Info] Tüm yazarlar listelendi.
2025-11-05 09:33:45 [Info] Tüm kategoriler listelendi
2025-11-05 09:33:47 [Info] Tüm yazarlar listelendi.
2025-11-05 09:35:49 [Info] Tüm kategoriler listelendi
2025-11-05 09:36:00 [Info] Tüm kategoriler listelendi
2025-11-05 09:36:04 [Info] Tüm yazarlar listelendi.
2025-11-05 09:36:06 [Info] Tüm kategoriler listelendi
2025-11-05 09:36:07 [Info] Tüm yazarlar listelendi.
2025-11-05 09:37:08 [Info] Tüm kategoriler listelendi
2025-11-05 09:38:56 [Info] Tüm kategoriler listelendi
2025-11-05 09:39:03 [Info] Tüm yazarlar listelendi.
2025-11-05 09:41:52 [Info] Tüm yazarlar listelendi.
2025-11-05 09:43:51 [Info] Tüm yazarlar listelendi.
2025-11-05 09:43:54 [Info] Tüm kategoriler listelendi
2025-11-05 09:43:55 [Info] Tüm yazarlar listelendi.
2025-11-05 09:43:55 [Info] Tüm kategoriler listelendi
2025-11-05 09:45:45 [Info] Tüm yazarlar listelendi.
2025-11-05 09:45:48 [Info] Tüm kategoriler listelendi
2025-11-05 09:45:49 [Info] Tüm yazarlar listelendi.
2025-11-05 09:45:49 [Info] Tüm kategoriler listelendi
2025-11-05 09:56:29 [Info] Kullanıcı girişi başarılı: zzuu
2025-11-05 09:56:43 [Info] Kullanıcı girişi başarılı: zehrauslu
2025-11-05 11:53:28 [Info] Kullanıcı girişi başarılı: zehrauslu
2025-11-05 11:53:30 [Info] Tüm yazarlar listelendi.
2025-11-05 11:53:33 [Info] Tüm kategoriler listelendi
2025-11-05 11:53:35 [Info] Tüm yazarlar listelendi.
2025-11-05 11:53:35 [Info] Tüm kategoriler listelendi
2025-11-05 11:53:37 [Info] Tüm yazarlar listelendi.
2025-11-05 13:40:34 [Info] Kullanıcı girişi başarılı: zehrauslu
2025-11-05 13:40:34 [Info] Tüm yazarlar listelendi.
2025-11-05 13:41:31 [Info] Tüm yazarlar listelendi.
2025-11-05 13:41:40 [Info] Tüm kategoriler listelendi
2025-11-05 13:41:41 [Info] Tüm yazarlar listelendi.
2025-11-05 13:42:26 [Info] Tüm kategoriler listelendi
2025-11-05 13:42:27 [Info] Tüm yazarlar listelendi.
2025-11-05 13:42:27 [Info] Tüm kategoriler listelendi
2025-11-05 13:42:29 [Info] Tüm yazarlar listelendi.
2025-11-05 13:42:31 [Info] Tüm kategoriler listelendi
2025-11-05 13:42:47 [Info] Tüm kategoriler listelendi
2025-11-05 13:42:53 [Info] Tüm yazarlar listelendi.
2025-11-05 13:42:53 [Info] Tüm kategoriler listelendi
2025-11-05 13:43:11 [Info] Tüm yazarlar listelendi.
2025-11-05 13:43:11 [Info] Tüm kategoriler listelendi
2025-11-05 13:43:16 [Info] Tüm kategoriler listelendi
2025-11-05 13:43:17 [Info] Tüm yazarlar listelendi.
2025-11-05 13:43:17 [Info] Tüm yazarlar listelendi.
2025-11-05 13:43:17 [Info] Tüm kategoriler listelendi
2025-11-05 13:43:19 [Info] Tüm kategoriler listelendi
2025-11-05 13:43:46 [Info] Tüm kategoriler listelendi
2025-11-05 13:45:21 [Info] Tüm yazarlar listelendi.
2025-11-05 13:45:21 [Info] Tüm kategoriler listelendi
2025-11-05 13:45:23 [Info] Tüm yazarlar listelendi.
2025-11-05 13:46:36 [Info] Tüm yazarlar listelendi.
2025-11-05 13:48:48 [Info] Tüm yazarlar listelendi.
2025-11-05 13:49:24 [Info] Tüm yazarlar listelendi.
2025-11-05 13:49:24 [Info] Tüm kategoriler listelendi
2025-11-05 13:49:25 [Info] Tüm yazarlar listelendi.
2025-11-05 13:49:47 [Info] Tüm yazarlar listelendi.
2025-11-05 13:49:53 [Info] Tüm kategoriler listelendi
2025-11-05 13:49:54 [Info] Tüm yazarlar listelendi.
2025-11-05 13:49:54 [Info] Tüm kategoriler listelendi
2025-11-05 13:49:56 [Info] Tüm yazarlar listelendi.
2025-11-05 13:50:41 [Info] Tüm yazarlar listelendi.
2025-11-05 13:50:41 [Info] Tüm kategoriler listelendi
2025-11-05 14:01:37 [Info] Tüm yazarlar listelendi.
2025-11-05 14:01:37 [Info] Tüm kategoriler listelendi
2025-11-05 14:01:38 [Info] Tüm kategoriler listelendi
2025-11-05 14:01:38 [Info] Tüm yazarlar listelendi.
2025-11-05 14:04:16 [Info] Kullanıcı girişi başarılı: zehrauslu
2025-11-05 14:04:57 [Info] Tüm yazarlar listelendi.
2025-11-05 14:06:17 [Info] Tüm yazarlar listelendi.
2025-11-05 14:06:26 [Info] Tüm yazarlar listelendi.
2025-11-05 14:06:26 [Info] Tüm kategoriler listelendi
2025-11-05 14:06:28 [Info] Tüm yazarlar listelendi.
2025-11-05 14:06:28 [Info] Tüm kategoriler listelendi
2025-11-05 14:06:44 [Info] Kullanıcı girişi başarılı: yavs
2025-11-05 14:06:47 [Info] Tüm yazarlar listelendi.
2025-11-05 14:06:47 [Info] Tüm kategoriler listelendi
2025-11-05 14:07:13 [Info] Tüm yazarlar listelendi.
2025-11-05 14:07:13 [Info] Tüm kategoriler listelendi
2025-11-05 14:10:19 [Info] Kullanıcı girişi başarılı: zehrauslu
2025-11-05 14:10:21 [Info] Tüm yazarlar listelendi.
2025-11-05 14:10:21 [Info] Tüm kategoriler listelendi
2025-11-05 14:11:07 [Info] Tüm yazarlar listelendi.
2025-11-05 14:11:07 [Info] Tüm kategoriler listelendi
2025-11-05 14:11:13 [Info] Tüm kategoriler listelendi
2025-11-05 14:11:16 [Info] Tüm yazarlar listelendi.
2025-11-05 14:11:17 [Info] Tüm yazarlar listelendi.
2025-11-05 14:11:17 [Info] Tüm kategoriler listelendi
2025-11-05 14:11:27 [Info] Tüm yazarlar listelendi.
2025-11-05 14:11:27 [Info] Tüm kategoriler listelendi
2025-11-05 14:11:37 [Info] Tüm yazarlar listelendi.
2025-11-05 14:11:47 [Info] Tüm yazarlar listelendi.
2025-11-05 14:11:47 [Info] Tüm kategoriler listelendi
2025-11-05 14:11:50 [Info] Tüm kategoriler listelendi
2025-11-05 14:12:21 [Info] Tüm yazarlar listelendi.
2025-11-05 14:12:51 [Info] Tüm kategoriler listelendi
2025-11-05 14:12:52 [Info] Tüm yazarlar listelendi.
2025-11-05 14:12:52 [Info] Tüm yazarlar listelendi.
2025-11-05 14:12:52 [Info] Tüm kategoriler listelendi
2025-11-05 14:12:53 [Info] Tüm kategoriler listelendi
2025-11-05 14:12:54 [Info] Tüm yazarlar listelendi.
2025-11-05 14:21:08 [Info] Tüm kategoriler listelendi
2025-11-05 14:21:10 [Info] Tüm yazarlar listelendi.
2025-11-05 14:21:45 [Info] Tüm kategoriler listelendi
2025-11-05 14:21:45 [Info] Tüm yazarlar listelendi.
2025-11-05 14:21:45 [Info] Tüm kategoriler listelendi
2025-11-05 14:21:49 [Info] Tüm yazarlar listelendi.
2025-11-05 14:21:49 [Info] Tüm kategoriler listelendi
2025-11-05 14:21:51 [Info] Tüm kategoriler listelendi
2025-11-05 14:21:52 [Info] Tüm yazarlar listelendi.
2025-11-05 14:23:26 [Info] Tüm kategoriler listelendi
2025-11-05 14:23:29 [Info] Tüm yazarlar listelendi.
2025-11-05 14:23:29 [Info] Tüm kategoriler listelendi
2025-11-05 14:23:30 [Info] Tüm kategoriler listelendi
2025-11-05 14:26:04 [Info] Tüm yazarlar listelendi.
2025-11-05 14:26:08 [Info] Tüm kategoriler listelendi
2025-11-05 14:26:09 [Info] Tüm yazarlar listelendi.
2025-11-05 14:26:09 [Info] Tüm kategoriler listelendi
2025-11-05 14:26:11 [Info] Tüm yazarlar listelendi.
2025-11-05 14:26:11 [Info] Tüm kategoriler listelendi
2025-11-05 14:26:12 [Info] Tüm kategoriler listelendi
2025-11-05 14:26:12 [Info] Tüm yazarlar listelendi.
2025-11-05 14:34:04 [Info] Kullanıcı girişi başarılı: zehrauslu
2025-11-05 14:34:04 [Info] Tüm yazarlar listelendi.
2025-11-05 14:34:43 [Info] Tüm yazarlar listelendi.
2025-11-05 14:34:45 [Info] Tüm yazarlar listelendi.
2025-11-05 14:34:45 [Info] Tüm kategoriler listelendi
2025-11-05 14:34:48 [Info] Tüm kategoriler listelendi
2025-11-05 14:35:15 [Info] Tüm kategoriler listelendi
2025-11-05 14:35:18 [Info] Tüm yazarlar listelendi.
2025-11-05 14:35:18 [Info] Tüm kategoriler listelendi
2025-11-05 14:35:18 [Info] Tüm yazarlar listelendi.
2025-11-05 14:35:19 [Info] Tüm kategoriler listelendi
2025-11-05 14:35:20 [Info] Tüm yazarlar listelendi.
2025-11-05 14:35:20 [Info] Tüm kategoriler listelendi
2025-11-05 14:35:23 [Info] Tüm kategoriler listelendi
2025-11-05 14:35:25 [Info] Tüm yazarlar listelendi.
2025-11-05 14:35:27 [Info] Tüm kategoriler listelendi
2025-11-05 14:35:28 [Info] Tüm yazarlar listelendi.
2025-11-05 14:35:28 [Info] Tüm kategoriler listelendi
2025-11-05 14:41:30 [Info] Tüm yazarlar listelendi.
2025-11-05 14:41:30 [Info] Tüm kategoriler listelendi
2025-11-05 14:41:32 [Info] Tüm yazarlar listelendi.
2025-11-05 14:45:35 [Info] Tüm yazarlar listelendi.
2025-11-05 14:45:35 [Info] Tüm kategoriler listelendi
2025-11-05 14:48:03 [Info] Tüm yazarlar listelendi.
2025-11-05 14:48:03 [Info] Tüm kategoriler listelendi
2025-11-05 14:48:08 [Info] Tüm yazarlar listelendi.
2025-11-05 14:48:08 [Info] Tüm kategoriler listelendi
2025-11-05 14:48:36 [Info] Tüm yazarlar listelendi.
2025-11-05 14:48:36 [Info] Tüm kategoriler listelendi
2025-11-05 14:49:22 [Info] Kullanıcı girişi başarılı: zehrauslu
2025-11-05 14:49:25 [Info] Tüm yazarlar listelendi.
2025-11-05 14:49:25 [Info] Tüm kategoriler listelendi
2025-11-05 14:50:49 [Info] Tüm yazarlar listelendi.
2025-11-05 14:50:49 [Info] Tüm kategoriler listelendi
2025-11-05 14:51:35 [Info] Tüm yazarlar listelendi.
2025-11-05 14:51:35 [Info] Tüm kategoriler listelendi
2025-11-05 14:51:37 [Info] Tüm yazarlar listelendi.
2025-11-05 14:51:57 [Info] Tüm yazarlar listelendi.
2025-11-05 14:51:59 [Info] Tüm kategoriler listelendi
2025-11-05 14:52:22 [Info] Tüm kategoriler listelendi
2025-11-05 14:52:23 [Info] Tüm yazarlar listelendi.
2025-11-05 14:52:23 [Info] Tüm kategoriler listelendi
2025-11-05 14:52:26 [Info] Tüm kategoriler listelendi
2025-11-05 14:52:27 [Info] Tüm yazarlar listelendi.
2025-11-05 14:55:37 [Info] Tüm yazarlar listelendi.
2025-11-05 14:55:37 [Info] Tüm kategoriler listelendi
2025-11-05 14:56:04 [Info] Tüm yazarlar listelendi.
2025-11-05 14:56:04 [Info] Tüm kategoriler listelendi
2025-11-05 14:57:01 [Info] Tüm yazarlar listelendi.
2025-11-05 14:57:01 [Info] Tüm kategoriler listelendi
2025-11-05 14:57:27 [Info] Tüm yazarlar listelendi.
2025-11-05 14:57:27 [Info] Tüm kategoriler listelendi
2025-11-05 14:57:38 [Info] Tüm yazarlar listelendi.
2025-11-05 14:57:38 [Info] Tüm kategoriler listelendi
2025-11-05 15:04:04 [Info] Tüm yazarlar listelendi.
2025-11-05 15:04:04 [Info] Tüm kategoriler listelendi
2025-11-05 21:52:25 [Info] Kullanıcı girişi başarılı: zehrauslu
2025-11-05 21:52:29 [Info] Tüm yazarlar listelendi.
2025-11-05 21:52:30 [Info] Tüm kategoriler listelendi
2025-11-05 21:52:31 [Info] Tüm yazarlar listelendi.
2025-11-05 21:52:31 [Info] Tüm kategoriler listelendi
2025-11-05 21:52:37 [Info] Tüm kategoriler listelendi
2025-11-05 22:52:50 [Info] Tüm yazarlar listelendi.
2025-11-05 22:53:10 [Info] Tüm yazarlar listelendi.
2025-11-05 23:18:11 [Info] Tüm yazarlar listelendi.
2025-11-05 23:18:11 [Info] Tüm kategoriler listelendi
2025-11-05 23:31:13 [Info] Tüm kategoriler listelendi
2025-11-05 23:31:13 [Info] Tüm yazarlar listelendi.
2025-11-05 23:34:39 [Info] Tüm kategoriler listelendi
2025-11-05 23:34:39 [Info] Tüm yazarlar listelendi.
2025-11-05 23:35:52 [Info] Tüm kategoriler listelendi
2025-11-05 23:35:52 [Error] Yazarlar getirilirken bir hata oluştu.
System.IO.IOException: The process cannot access the file 'C:\Users\zehra\Desktop\projeler\KatmanliMimariGenel\UdemyKutuphaneAPI\UdemyKutuphaneApi\logs\2025-11-05.log' because it is being used by another process.
   at Microsoft.Win32.SafeHandles.SafeFileHandle.CreateFile(String fullPath, FileMode mode, FileAccess access, FileShare share, FileOptions options)
   at Microsoft.Win32.SafeHandles.SafeFileHandle.Open(String fullPath, FileMode mode, FileAccess access, FileShare share, FileOptions options, Int64 preallocationSize, Nullable`1 unixCreateMode)
   at System.IO.File.WriteToFile(String path, FileMode mode, String contents, Encoding encoding)
   at kutuphaneServis.Helpers.ZLog.ZLoggerService.Log(String message, LogLevelEnum level, String member, String file) in C:\Users\zehra\Desktop\projeler\KatmanliMimariGenel\kutuphaneServis\Helpers\ZLog\ZLoggerService.cs:line 47
   at kutuphaneServis.Helpers.ZLog.ZLoggerService.Info(String message) in C:\Users\zehra\Desktop\projeler\KatmanliMimariGenel\kutuphaneServis\Helpers\ZLog\ZLoggerService.cs:line 73
   at kutuphaneServis.Services.AuthorService.ListAll() in C:\Users\zehra\Desktop\projeler\KatmanliMimariGenel\kutuphaneServis\Services\AuthorService.cs:line 153
2025-11-05 23:36:33 [Info] Tüm kategoriler listelendi
2025-11-05 23:36:33 [Info] Tüm yazarlar listelendi.
2025-11-05 23:37:41 [Info] Tüm yazarlar listelendi.
2025-11-05 23:37:41 [Error] Bir hata oluştu
System.IO.IOException: The process cannot access the file 'C:\Users\zehra\Desktop\projeler\KatmanliMimariGenel\UdemyKutuphaneAPI\UdemyKutuphaneApi\logs\2025-11-05.log' because it is being used by another process.
   at Microsoft.Win32.SafeHandles.SafeFileHandle.CreateFile(String fullPath, FileMode mode, FileAccess access, FileShare share, FileOptions options)
   at Microsoft.Win32.SafeHandles.SafeFileHandle.Open(String fullPath, FileMode mode, FileAccess access, FileShare share, FileOptions options, Int64 preallocationSize, Nullable`1 unixCreateMode)
   at System.IO.File.WriteToFile(String path, FileMode mode, String contents, Encoding encoding)
   at kutuphaneServis.Helpers.ZLog.ZLoggerService.Log(String message, LogLevelEnum level, String member, String file) in C:\Users\zehra\Desktop\projeler\KatmanliMimariGenel\kutuphaneServis\Helpers\ZLog\ZLoggerService.cs:line 47
   at kutuphaneServis.Helpers.ZLog.ZLoggerService.Info(String message) in C:\Users\zehra\Desktop\projeler\KatmanliMimariGenel\kutuphaneServis\Helpers\ZLog\ZLoggerService.cs:line 73
   at kutuphaneServis.Services.CategoryService.ListAll() in C:\Users\zehra\Desktop\projeler\KatmanliMimariGenel\kutuphaneServis\Services\CategoryService.cs:line 148
2025-11-05 23:38:08 [Info] Tüm kategoriler listelendi
2025-11-05 23:38:08 [Info] Tüm yazarlar listelendi.
2025-11-05 23:38:19 [Info] Tüm kategoriler listelendi
2025-11-05 23:38:19 [Info] Tüm yazarlar listelendi.
2025-11-05 23:38:32 [Info] Tüm kategoriler listelendi
2025-11-05 23:38:32 [Info] Tüm yazarlar listelendi.
2025-11-05 23:38:45 [Info] Tüm kategoriler listelendi
2025-11-05 23:38:45 [Info] Tüm yazarlar listelendi.
2025-11-05 23:39:11 [Info] Tüm kategoriler listelendi
2025-11-05 23:39:11 [Info] Tüm yazarlar listelendi.
2025-11-05 23:39:52 [Info] Tüm kategoriler listelendi
2025-11-05 23:39:52 [Info] Tüm yazarlar listelendi.
2025-11-05 23:40:22 [Info] Tüm yazarlar listelendi.
2025-11-05 23:40:22 [Info] Tüm kategoriler listelendi
2025-11-05 23:40:42 [Info] Tüm kategoriler listelendi
2025-11-05 23:40:42 [Error] Yazarlar getirilirken bir hata oluştu.
System.IO.IOException: The process cannot access the file 'C:\Users\zehra\Desktop\projeler\KatmanliMimariGenel\UdemyKutuphaneAPI\UdemyKutuphaneApi\logs\2025-11-05.log' because it is being used by another process.
   at Microsoft.Win32.SafeHandles.SafeFileHandle.CreateFile(String fullPath, FileMode mode, FileAccess access, FileShare share, FileOptions options)
   at Microsoft.Win32.SafeHandles.SafeFileHandle.Open(String fullPath, FileMode mode, FileAccess access, FileShare share, FileOptions options, Int64 preallocationSize, Nullable`1 unixCreateMode)
   at System.IO.File.WriteToFile(String path, FileMode mode, String contents, Encoding encoding)
   at kutuphaneServis.Helpers.ZLog.ZLoggerService.Log(String message, LogLevelEnum level, String member, String file) in C:\Users\zehra\Desktop\projeler\KatmanliMimariGenel\kutuphaneServis\Helpers\ZLog\ZLoggerService.cs:line 47
   at kutuphaneServis.Helpers.ZLog.ZLoggerService.Info(String message) in C:\Users\zehra\Desktop\projeler\KatmanliMimariGenel\kutuphaneServis\Helpers\ZLog\ZLoggerService.cs:line 73
   at kutuphaneServis.Services.AuthorService.ListAll() in C:\Users\zehra\Desktop\projeler\KatmanliMimariGenel\kutuphaneServis\Services\AuthorService.cs:line 153
2025-11-05 23:40:56 [Info] Tüm kategoriler listelendi
2025-11-05 23:40:56 [Info] Tüm yazarlar listelendi.
2025-11-05 23:41:11 [Info] Tüm kategoriler listelendi
2025-11-05 23:41:11 [Error] Yazarlar getirilirken bir hata oluştu.
System.IO.IOException: The process cannot access the file 'C:\Users\zehra\Desktop\projeler\KatmanliMimariGenel\UdemyKutuphaneAPI\UdemyKutuphaneApi\logs\2025-11-05.log' because it is being used by another process.
   at Microsoft.Win32.SafeHandles.SafeFileHandle.CreateFile(String fullPath, FileMode mode, FileAccess access, FileShare share, FileOptions options)
   at Microsoft.Win32.SafeHandles.SafeFileHandle.Open(String fullPath, FileMode mode, FileAccess access, FileShare share, FileOptions options, Int64 preallocationSize, Nullable`1 unixCreateMode)
   at System.IO.File.WriteToFile(String path, FileMode mode, String contents, Encoding encoding)
   at kutuphaneServis.Helpers.ZLog.ZLoggerService.Log(String message, LogLevelEnum level, String member, String file) in C:\Users\zehra\Desktop\projeler\KatmanliMimariGenel\kutuphaneServis\Helpers\ZLog\ZLoggerService.cs:line 47
   at kutuphaneServis.Helpers.ZLog.ZLoggerService.Info(String message) in C:\Users\zehra\Desktop\projeler\KatmanliMimariGenel\kutuphaneServis\Helpers\ZLog\ZLoggerService.cs:line 73
   at kutuphaneServis.Services.AuthorService.ListAll() in C:\Users\zehra\Desktop\projeler\KatmanliMimariGenel\kutuphaneServis\Services\AuthorService.cs:line 153
2025-11-05 23:41:23 [Info] Tüm yazarlar listelendi.
2025-11-05 23:41:23 [Info] Tüm kategoriler listelendi
2025-11-05 23:41:47 [Info] Tüm kategoriler listelendi
2025-11-05 23:41:47 [Error] Yazarlar getirilirken bir hata oluştu.
System.IO.IOException: The process cannot access the file 'C:\Users\zehra\Desktop\projeler\KatmanliMimariGenel\UdemyKutuphaneAPI\UdemyKutuphaneApi\logs\2025-11-05.log' because it is being used by another process.
   at Microsoft.Win32.SafeHandles.SafeFileHandle.CreateFile(String fullPath, FileMode mode, FileAccess access, FileShare share, FileOptions options)
   at Microsoft.Win32.SafeHandles.SafeFileHandle.Open(String fullPath, FileMode mode, FileAccess access, FileShare share, FileOptions options, Int64 preallocationSize, Nullable`1 unixCreateMode)
   at System.IO.File.WriteToFile(String path, FileMode mode, String contents, Encoding encoding)
   at kutuphaneServis.Helpers.ZLog.ZLoggerService.Log(String message, LogLevelEnum level, String member, String file) in C:\Users\zehra\Desktop\projeler\KatmanliMimariGenel\kutuphaneServis\Helpers\ZLog\ZLoggerService.cs:line 47
   at kutuphaneServis.Helpers.ZLog.ZLoggerService.Info(String message) in C:\Users\zehra\Desktop\projeler\KatmanliMimariGenel\kutuphaneServis\Helpers\ZLog\ZLoggerService.cs:line 73
   at kutuphaneServis.Services.AuthorService.ListAll() in C:\Users\zehra\Desktop\projeler\KatmanliMimariGenel\kutuphaneServis\Services\AuthorService.cs:line 153
2025-11-05 23:44:07 [Info] Tüm kategoriler listelendi
2025-11-05 23:44:07 [Info] Tüm yazarlar listelendi.
2025-11-05 23:46:03 [Info] Tüm yazarlar listelendi.
2025-11-05 23:46:03 [Info] Tüm kategoriler listelendi
2025-11-05 23:46:16 [Info] Tüm yazarlar listelendi.
2025-11-05 23:46:17 [Error] Bir hata oluştu
System.IO.IOException: The process cannot access the file 'C:\Users\zehra\Desktop\projeler\KatmanliMimariGenel\UdemyKutuphaneAPI\UdemyKutuphaneApi\logs\2025-11-05.log' because it is being used by another process.
   at Microsoft.Win32.SafeHandles.SafeFileHandle.CreateFile(String fullPath, FileMode mode, FileAccess access, FileShare share, FileOptions options)
   at Microsoft.Win32.SafeHandles.SafeFileHandle.Open(String fullPath, FileMode mode, FileAccess access, FileShare share, FileOptions options, Int64 preallocationSize, Nullable`1 unixCreateMode)
   at System.IO.File.WriteToFile(String path, FileMode mode, String contents, Encoding encoding)
   at kutuphaneServis.Helpers.ZLog.ZLoggerService.Log(String message, LogLevelEnum level, String member, String file) in C:\Users\zehra\Desktop\projeler\KatmanliMimariGenel\kutuphaneServis\Helpers\ZLog\ZLoggerService.cs:line 47
   at kutuphaneServis.Helpers.ZLog.ZLoggerService.Info(String message) in C:\Users\zehra\Desktop\projeler\KatmanliMimariGenel\kutuphaneServis\Helpers\ZLog\ZLoggerService.cs:line 73
   at kutuphaneServis.Services.CategoryService.ListAll() in C:\Users\zehra\Desktop\projeler\KatmanliMimariGenel\kutuphaneServis\Services\CategoryService.cs:line 148
2025-11-05 23:46:37 [Info] Tüm yazarlar listelendi.
2025-11-05 23:46:37 [Info] Tüm kategoriler listelendi
2025-11-05 23:46:54 [Info] Tüm yazarlar listelendi.
2025-11-05 23:46:54 [Error] Bir hata oluştu
System.IO.IOException: The process cannot access the file 'C:\Users\zehra\Desktop\projeler\KatmanliMimariGenel\UdemyKutuphaneAPI\UdemyKutuphaneApi\logs\2025-11-05.log' because it is being used by another process.
   at Microsoft.Win32.SafeHandles.SafeFileHandle.CreateFile(String fullPath, FileMode mode, FileAccess access, FileShare share, FileOptions options)
   at Microsoft.Win32.SafeHandles.SafeFileHandle.Open(String fullPath, FileMode mode, FileAccess access, FileShare share, FileOptions options, Int64 preallocationSize, Nullable`1 unixCreateMode)
   at System.IO.File.WriteToFile(String path, FileMode mode, String contents, Encoding encoding)
   at kutuphaneServis.Helpers.ZLog.ZLoggerService.Log(String message, LogLevelEnum level, String member, String file) in C:\Users\zehra\Desktop\projeler\KatmanliMimariGenel\kutuphaneServis\Helpers\ZLog\ZLoggerService.cs:line 47
   at kutuphaneServis.Helpers.ZLog.ZLoggerService.Info(String message) in C:\Users\zehra\Desktop\projeler\KatmanliMimariGenel\kutuphaneServis\Helpers\ZLog\ZLoggerService.cs:line 73
   at kutuphaneServis.Services.CategoryService.ListAll() in C:\Users\zehra\Desktop\projeler\KatmanliMimariGenel\kutuphaneServis\Services\CategoryService.cs:line 148
2025-11-05 23:47:00 [Info] Tüm yazarlar listelendi.
2025-11-05 23:47:00 [Error] Bir hata oluştu
System.IO.IOException: The process cannot access the file 'C:\Users\zehra\Desktop\projeler\KatmanliMimariGenel\UdemyKutuphaneAPI\UdemyKutuphaneApi\logs\2025-11-05.log' because it is being used by another process.
   at Microsoft.Win32.SafeHandles.SafeFileHandle.CreateFile(String fullPath, FileMode mode, FileAccess access, FileShare share, FileOptions options)
   at Microsoft.Win32.SafeHandles.SafeFileHandle.Open(String fullPath, FileMode mode, FileAccess access, FileShare share, FileOptions options, Int64 preallocationSize, Nullable`1 unixCreateMode)
   at System.IO.File.WriteToFile(String path, FileMode mode, String contents, Encoding encoding)
   at kutuphaneServis.Helpers.ZLog.ZLoggerService.Log(String message, LogLevelEnum level, String member, String file) in C:\Users\zehra\Desktop\projeler\KatmanliMimariGenel\kutuphaneServis\Helpers\ZLog\ZLoggerService.cs:line 47
   at kutuphaneServis.Helpers.ZLog.ZLoggerService.Info(String message) in C:\Users\zehra\Desktop\projeler\KatmanliMimariGenel\kutuphaneServis\Helpers\ZLog\ZLoggerService.cs:line 73
   at kutuphaneServis.Services.CategoryService.ListAll() in C:\Users\zehra\Desktop\projeler\KatmanliMimariGenel\kutuphaneServis\Services\CategoryService.cs:line 148
2025-11-05 23:54:35 [Info] Tüm kategoriler listelendi
2025-11-05 23:54:35 [Info] Tüm yazarlar listelendi.
2025-11-05 23:54:55 [Info] Tüm kategoriler listelendi
2025-11-05 23:54:55 [Info] Tüm yazarlar listelendi.
2025-11-05 23:56:19 [Info] Tüm yazarlar listelendi.
2025-11-05 23:56:19 [Info] Tüm kategoriler listelendi
2025-11-05 23:56:19 [Info] Tüm kategoriler listelendi
2025-11-05 23:56:19 [Error] Yazarlar getirilirken bir hata oluştu.
System.IO.IOException: The process cannot access the file 'C:\Users\zehra\Desktop\projeler\KatmanliMimariGenel\UdemyKutuphaneAPI\UdemyKutuphaneApi\logs\2025-11-05.log' because it is being used by another process.
   at Microsoft.Win32.SafeHandles.SafeFileHandle.CreateFile(String fullPath, FileMode mode, FileAccess access, FileShare share, FileOptions options)
   at Microsoft.Win32.SafeHandles.SafeFileHandle.Open(String fullPath, FileMode mode, FileAccess access, FileShare share, FileOptions options, Int64 preallocationSize, Nullable`1 unixCreateMode)
   at System.IO.File.WriteToFile(String path, FileMode mode, String contents, Encoding encoding)
   at kutuphaneServis.Helpers.ZLog.ZLoggerService.Log(String message, LogLevelEnum level, String member, String file) in C:\Users\zehra\Desktop\projeler\KatmanliMimariGenel\kutuphaneServis\Helpers\ZLog\ZLoggerService.cs:line 47
   at kutuphaneServis.Helpers.ZLog.ZLoggerService.Info(String message) in C:\Users\zehra\Desktop\projeler\KatmanliMimariGenel\kutuphaneServis\Helpers\ZLog\ZLoggerService.cs:line 73
   at kutuphaneServis.Services.AuthorService.ListAll() in C:\Users\zehra\Desktop\projeler\KatmanliMimariGenel\kutuphaneServis\Services\AuthorService.cs:line 153
2025-11-05 23:56:25 [Info] Tüm yazarlar listelendi.
2025-11-05 23:56:25 [Error] Bir hata oluştu
System.IO.IOException: The process cannot access the file 'C:\Users\zehra\Desktop\projeler\KatmanliMimariGenel\UdemyKutuphaneAPI\UdemyKutuphaneApi\logs\2025-11-05.log' because it is being used by another process.
   at Microsoft.Win32.SafeHandles.SafeFileHandle.CreateFile(String fullPath, FileMode mode, FileAccess access, FileShare share, FileOptions options)
   at Microsoft.Win32.SafeHandles.SafeFileHandle.Open(String fullPath, FileMode mode, FileAccess access, FileShare share, FileOptions options, Int64 preallocationSize, Nullable`1 unixCreateMode)
   at System.IO.File.WriteToFile(String path, FileMode mode, String contents, Encoding encoding)
   at kutuphaneServis.Helpers.ZLog.ZLoggerService.Log(String message, LogLevelEnum level, String member, String file) in C:\Users\zehra\Desktop\projeler\KatmanliMimariGenel\kutuphaneServis\Helpers\ZLog\ZLoggerService.cs:line 47
   at kutuphaneServis.Helpers.ZLog.ZLoggerService.Info(String message) in C:\Users\zehra\Desktop\projeler\KatmanliMimariGenel\kutuphaneServis\Helpers\ZLog\ZLoggerService.cs:line 73
   at kutuphaneServis.Services.CategoryService.ListAll() in C:\Users\zehra\Desktop\projeler\KatmanliMimariGenel\kutuphaneServis\Services\CategoryService.cs:line 148
2025-11-05 23:56:26 [Info] Tüm kategoriler listelendi
2025-11-05 23:56:26 [Error] Yazarlar getirilirken bir hata oluştu.
System.IO.IOException: The process cannot access the file 'C:\Users\zehra\Desktop\projeler\KatmanliMimariGenel\UdemyKutuphaneAPI\UdemyKutuphaneApi\logs\2025-11-05.log' because it is being used by another process.
   at Microsoft.Win32.SafeHandles.SafeFileHandle.CreateFile(String fullPath, FileMode mode, FileAccess access, FileShare share, FileOptions options)
   at Microsoft.Win32.SafeHandles.SafeFileHandle.Open(String fullPath, FileMode mode, FileAccess access, FileShare share, FileOptions options, Int64 preallocationSize, Nullable`1 unixCreateMode)
   at System.IO.File.WriteToFile(String path, FileMode mode, String contents, Encoding encoding)
   at kutuphaneServis.Helpers.ZLog.ZLoggerService.Log(String message, LogLevelEnum level, String member, String file) in C:\Users\zehra\Desktop\projeler\KatmanliMimariGenel\kutuphaneServis\Helpers\ZLog\ZLoggerService.cs:line 47
   at kutuphaneServis.Helpers.ZLog.ZLoggerService.Info(String message) in C:\Users\zehra\Desktop\projeler\KatmanliMimariGenel\kutuphaneServis\Helpers\ZLog\ZLoggerService.cs:line 73
   at kutuphaneServis.Services.AuthorService.ListAll() in C:\Users\zehra\Desktop\projeler\KatmanliMimariGenel\kutuphaneServis\Services\AuthorService.cs:line 153
2025-11-05 23:56:33 [Info] Tüm kategoriler listelendi
2025-11-05 23:56:33 [Error] Yazarlar getirilirken bir hata oluştu.
System.IO.IOException: The process cannot access the file 'C:\Users\zehra\Desktop\projeler\KatmanliMimariGenel\UdemyKutuphaneAPI\UdemyKutuphaneApi\logs\2025-11-05.log' because it is being used by another process.
   at Microsoft.Win32.SafeHandles.SafeFileHandle.CreateFile(String fullPath, FileMode mode, FileAccess access, FileShare share, FileOptions options)
   at Microsoft.Win32.SafeHandles.SafeFileHandle.Open(String fullPath, FileMode mode, FileAccess access, FileShare share, FileOptions options, Int64 preallocationSize, Nullable`1 unixCreateMode)
   at System.IO.File.WriteToFile(String path, FileMode mode, String contents, Encoding encoding)
   at kutuphaneServis.Helpers.ZLog.ZLoggerService.Log(String message, LogLevelEnum level, String member, String file) in C:\Users\zehra\Desktop\projeler\KatmanliMimariGenel\kutuphaneServis\Helpers\ZLog\ZLoggerService.cs:line 47
   at kutuphaneServis.Helpers.ZLog.ZLoggerService.Info(String message) in C:\Users\zehra\Desktop\projeler\KatmanliMimariGenel\kutuphaneServis\Helpers\ZLog\ZLoggerService.cs:line 73
   at kutuphaneServis.Services.AuthorService.ListAll() in C:\Users\zehra\Desktop\projeler\KatmanliMimariGenel\kutuphaneServis\Services\AuthorService.cs:line 153
2025-11-05 23:56:34 [Info] Tüm kategoriler listelendi
2025-11-05 23:56:34 [Info] Tüm yazarlar listelendi.
2025-11-05 23:56:54 [Info] Tüm kategoriler listelendi
2025-11-05 23:56:54 [Error] Yazarlar getirilirken bir hata oluştu.
System.IO.IOException: The process cannot access the file 'C:\Users\zehra\Desktop\projeler\KatmanliMimariGenel\UdemyKutuphaneAPI\UdemyKutuphaneApi\logs\2025-11-05.log' because it is being used by another process.
   at Microsoft.Win32.SafeHandles.SafeFileHandle.CreateFile(String fullPath, FileMode mode, FileAccess access, FileShare share, FileOptions options)
   at Microsoft.Win32.SafeHandles.SafeFileHandle.Open(String fullPath, FileMode mode, FileAccess access, FileShare share, FileOptions options, Int64 preallocationSize, Nullable`1 unixCreateMode)
   at System.IO.File.WriteToFile(String path, FileMode mode, String contents, Encoding encoding)
   at kutuphaneServis.Helpers.ZLog.ZLoggerService.Log(String message, LogLevelEnum level, String member, String file) in C:\Users\zehra\Desktop\projeler\KatmanliMimariGenel\kutuphaneServis\Helpers\ZLog\ZLoggerService.cs:line 47
   at kutuphaneServis.Helpers.ZLog.ZLoggerService.Info(String message) in C:\Users\zehra\Desktop\projeler\KatmanliMimariGenel\kutuphaneServis\Helpers\ZLog\ZLoggerService.cs:line 73
   at kutuphaneServis.Services.AuthorService.ListAll() in C:\Users\zehra\Desktop\projeler\KatmanliMimariGenel\kutuphaneServis\Services\AuthorService.cs:line 153
2025-11-05 23:56:55 [Info] Tüm kategoriler listelendi
2025-11-05 23:56:55 [Info] Tüm yazarlar listelendi.
2025-11-05 23:57:12 [Info] Tüm kategoriler listelendi
2025-11-05 23:57:12 [Error] Yazarlar getirilirken bir hata oluştu.
System.IO.IOException: The process cannot access the file 'C:\Users\zehra\Desktop\projeler\KatmanliMimariGenel\UdemyKutuphaneAPI\UdemyKutuphaneApi\logs\2025-11-05.log' because it is being used by another process.
   at Microsoft.Win32.SafeHandles.SafeFileHandle.CreateFile(String fullPath, FileMode mode, FileAccess access, FileShare share, FileOptions options)
   at Microsoft.Win32.SafeHandles.SafeFileHandle.Open(String fullPath, FileMode mode, FileAccess access, FileShare share, FileOptions options, Int64 preallocationSize, Nullable`1 unixCreateMode)
   at System.IO.File.WriteToFile(String path, FileMode mode, String contents, Encoding encoding)
   at kutuphaneServis.Helpers.ZLog.ZLoggerService.Log(String message, LogLevelEnum level, String member, String file) in C:\Users\zehra\Desktop\projeler\KatmanliMimariGenel\kutuphaneServis\Helpers\ZLog\ZLoggerService.cs:line 47
   at kutuphaneServis.Helpers.ZLog.ZLoggerService.Info(String message) in C:\Users\zehra\Desktop\projeler\KatmanliMimariGenel\kutuphaneServis\Helpers\ZLog\ZLoggerService.cs:line 73
   at kutuphaneServis.Services.AuthorService.ListAll() in C:\Users\zehra\Desktop\projeler\KatmanliMimariGenel\kutuphaneServis\Services\AuthorService.cs:line 153
2025-11-05 23:57:16 [Info] Tüm yazarlar listelendi.
2025-11-05 23:57:16 [Error] Bir hata oluştu
System.IO.IOException: The process cannot access the file 'C:\Users\zehra\Desktop\projeler\KatmanliMimariGenel\UdemyKutuphaneAPI\UdemyKutuphaneApi\logs\2025-11-05.log' because it is being used by another process.
   at Microsoft.Win32.SafeHandles.SafeFileHandle.CreateFile(String fullPath, FileMode mode, FileAccess access, FileShare share, FileOptions options)
   at Microsoft.Win32.SafeHandles.SafeFileHandle.Open(String fullPath, FileMode mode, FileAccess access, FileShare share, FileOptions options, Int64 preallocationSize, Nullable`1 unixCreateMode)
   at System.IO.File.WriteToFile(String path, FileMode mode, String contents, Encoding encoding)
   at kutuphaneServis.Helpers.ZLog.ZLoggerService.Log(String message, LogLevelEnum level, String member, String file) in C:\Users\zehra\Desktop\projeler\KatmanliMimariGenel\kutuphaneServis\Helpers\ZLog\ZLoggerService.cs:line 47
   at kutuphaneServis.Helpers.ZLog.ZLoggerService.Info(String message) in C:\Users\zehra\Desktop\projeler\KatmanliMimariGenel\kutuphaneServis\Helpers\ZLog\ZLoggerService.cs:line 73
   at kutuphaneServis.Services.CategoryService.ListAll() in C:\Users\zehra\Desktop\projeler\KatmanliMimariGenel\kutuphaneServis\Services\CategoryService.cs:line 148
2025-11-05 23:57:18 [Info] Tüm kategoriler listelendi
2025-11-05 23:57:18 [Error] Yazarlar getirilirken bir hata oluştu.
System.IO.IOException: The process cannot access the file 'C:\Users\zehra\Desktop\projeler\KatmanliMimariGenel\UdemyKutuphaneAPI\UdemyKutuphaneApi\logs\2025-11-05.log' because it is being used by another process.
   at Microsoft.Win32.SafeHandles.SafeFileHandle.CreateFile(String fullPath, FileMode mode, FileAccess access, FileShare share, FileOptions options)
   at Microsoft.Win32.SafeHandles.SafeFileHandle.Open(String fullPath, FileMode mode, FileAccess access, FileShare share, FileOptions options, Int64 preallocationSize, Nullable`1 unixCreateMode)
   at System.IO.File.WriteToFile(String path, FileMode mode, String contents, Encoding encoding)
   at kutuphaneServis.Helpers.ZLog.ZLoggerService.Log(String message, LogLevelEnum level, String member, String file) in C:\Users\zehra\Desktop\projeler\KatmanliMimariGenel\kutuphaneServis\Helpers\ZLog\ZLoggerService.cs:line 47
   at kutuphaneServis.Helpers.ZLog.ZLoggerService.Info(String message) in C:\Users\zehra\Desktop\projeler\KatmanliMimariGenel\kutuphaneServis\Helpers\ZLog\ZLoggerService.cs:line 73
   at kutuphaneServis.Services.AuthorService.ListAll() in C:\Users\zehra\Desktop\projeler\KatmanliMimariGenel\kutuphaneServis\Services\AuthorService.cs:line 153
2025-11-05 23:57:20 [Info] Tüm yazarlar listelendi.
2025-11-05 23:57:20 [Error] Bir hata oluştu
System.IO.IOException: The process cannot access the file 'C:\Users\zehra\Desktop\projeler\KatmanliMimariGenel\UdemyKutuphaneAPI\UdemyKutuphaneApi\logs\2025-11-05.log' because it is being used by another process.
   at Microsoft.Win32.SafeHandles.SafeFileHandle.CreateFile(String fullPath, FileMode mode, FileAccess access, FileShare share, FileOptions options)
   at Microsoft.Win32.SafeHandles.SafeFileHandle.Open(String fullPath, FileMode mode, FileAccess access, FileShare share, FileOptions options, Int64 preallocationSize, Nullable`1 unixCreateMode)
   at System.IO.File.WriteToFile(String path, FileMode mode, String contents, Encoding encoding)
   at kutuphaneServis.Helpers.ZLog.ZLoggerService.Log(String message, LogLevelEnum level, String member, String file) in C:\Users\zehra\Desktop\projeler\KatmanliMimariGenel\kutuphaneServis\Helpers\ZLog\ZLoggerService.cs:line 47
   at kutuphaneServis.Helpers.ZLog.ZLoggerService.Info(String message) in C:\Users\zehra\Desktop\projeler\KatmanliMimariGenel\kutuphaneServis\Helpers\ZLog\ZLoggerService.cs:line 73
   at kutuphaneServis.Services.CategoryService.ListAll() in C:\Users\zehra\Desktop\projeler\KatmanliMimariGenel\kutuphaneServis\Services\CategoryService.cs:line 148
2025-11-05 23:57:22 [Info] Tüm yazarlar listelendi.
2025-11-05 23:57:22 [Info] Tüm kategoriler listelendi
