2025-11-03 09:14:11 [Info] Kullanıcı girişi başarılı: zehrauslu
2025-11-03 11:24:50 [Info] Yeni kullanıcı oluşturuldu: zu
2025-11-03 11:31:55 [Info] Tüm yazarlar listelendi.
2025-11-03 11:31:56 [Info] Tüm kategoriler listelendi
2025-11-03 11:31:57 [Info] Tüm yazarlar listelendi.
2025-11-03 11:31:57 [Info] Tüm kategoriler listelendi
2025-11-03 11:31:58 [Info] Tüm yazarlar listelendi.
2025-11-03 11:32:00 [Info] Tüm yazarlar listelendi.
2025-11-03 11:32:00 [Info] Tüm kategoriler listelendi
2025-11-03 11:32:00 [Info] Tüm yazarlar listelendi.
2025-11-03 11:32:00 [Info] Tüm kategoriler listelendi
2025-11-03 11:32:02 [Info] Tüm yazarlar listelendi.
2025-11-03 13:40:43 [Info] Yeni kullanıcı oluşturuldu: zu
2025-11-03 14:05:24 [Info] Bootstrap: 'Admin' rolü oluşturuldu.
2025-11-03 14:05:24 [Info] Bootstrap: zehra@gmail.com -> USER rolü atandı.
2025-11-03 14:05:24 [Info] Bootstrap: zehra@gmail.com -> ADMIN rolü atandı.
2025-11-03 14:06:34 [Error] Kullanıcı adı veya şifre hatalı.
2025-11-03 14:13:51 [Error] Bu kullanıcı adı veya eposta zaten var.
2025-11-03 14:16:56 [Info] Yeni kullanıcı oluşturuldu: zehrauslu
2025-11-03 14:17:13 [Info] Bootstrap: zehra@gmail.com -> ADMIN rolü atandı.
2025-11-03 14:17:35 [Info] Kullanıcı girişi başarılı: zehrauslu
2025-11-03 14:19:06 [Info] Bootstrap: 'Admin' rolü oluşturuldu.
2025-11-03 14:19:06 [Info] Bootstrap: 'User' rolü oluşturuldu.
2025-11-03 14:19:06 [Info] Bootstrap: zehra@gmail.com kullanıcısı oluşturuldu.
2025-11-03 14:19:06 [Info] Bootstrap: zehra@gmail.com -> USER rolü atandı.
2025-11-03 14:19:06 [Info] Bootstrap: zehra@gmail.com -> ADMIN rolü atandı.
2025-11-03 14:19:56 [Info] Yeni kullanıcı oluşturuldu: zehrauslu
2025-11-03 14:20:52 [Info] Kullanıcı girişi başarılı: zehrauslu
2025-11-03 14:22:51 [Info] Bootstrap: 'User' rolü oluşturuldu.
2025-11-03 14:22:51 [Info] Bootstrap: zehra@gmail.com -> USER rolü atandı.
2025-11-03 14:22:51 [Info] Bootstrap: zehra@gmail.com -> ADMIN rolü atandı.
2025-11-03 14:23:01 [Info] Yeni kullanıcı oluşturuldu: esrauslu
2025-11-03 14:23:16 [Info] Kullanıcı girişi başarılı: esrauslu
2025-11-03 14:38:47 [Info] Bootstrap: zehra@gmail.com -> USER rolü atandı.
2025-11-03 14:38:47 [Info] Bootstrap: zehra@gmail.com -> ADMIN rolü atandı.
2025-11-03 14:40:25 [Info] Yeni kullanıcı oluşturuldu: zehrauslu
2025-11-03 14:40:32 [Info] Kullanıcı girişi başarılı: zehrauslu
2025-11-03 14:41:34 [Info] Tüm kategoriler listelendi
2025-11-03 14:41:34 [Info] Tüm yazarlar listelendi.
2025-11-03 14:41:35 [Info] Tüm yazarlar listelendi.
2025-11-03 14:41:35 [Info] Tüm kategoriler listelendi
2025-11-03 14:44:09 [Info] Yeni kullanıcı oluşturuldu: esrauslu
2025-11-03 14:44:58 [Info] Kullanıcı girişi başarılı: esrauslu
2025-11-03 14:45:00 [Info] Tüm yazarlar listelendi.
2025-11-03 14:51:06 [Info] Yeni kullanıcı oluşturuldu: yavs
2025-11-03 14:51:16 [Info] Kullanıcı girişi başarılı: yavs
2025-11-03 15:00:30 [Info] Bootstrap: 'Admin' rolü oluşturuldu.
2025-11-03 15:00:31 [Info] Bootstrap: zehra@gmail.com -> USER rolü atandı.
2025-11-03 15:00:31 [Info] Bootstrap: zehra@gmail.com -> ADMIN rolü atandı.
2025-11-03 15:02:18 [Info] Kullanıcı girişi başarılı: zehrauslu
2025-11-03 17:30:19 [Info] Kullanıcı girişi başarılı: zehrauslu
2025-11-03 17:30:21 [Info] Tüm yazarlar listelendi.
2025-11-03 17:30:21 [Info] Tüm kategoriler listelendi
2025-11-03 17:30:41 [Info] Tüm kategoriler listelendi
2025-11-03 17:30:41 [Info] Tüm yazarlar listelendi.
2025-11-03 17:31:22 [Info] Yeni kullanıcı oluşturuldu: zzuu
2025-11-03 17:31:32 [Info] Kullanıcı girişi başarılı: zzuu
2025-11-03 17:31:36 [Info] Tüm yazarlar listelendi.
2025-11-03 17:31:36 [Info] Tüm kategoriler listelendi
2025-11-03 17:31:38 [Info] Tüm kategoriler listelendi
2025-11-03 17:31:39 [Info] Tüm yazarlar listelendi.
2025-11-03 17:32:00 [Info] Kullanıcı girişi başarılı: zehrauslu
2025-11-03 17:32:01 [Info] Tüm yazarlar listelendi.
2025-11-03 17:32:01 [Info] Tüm kategoriler listelendi
2025-11-03 17:40:51 [Error] Kullanıcı adı veya şifre hatalı.
2025-11-03 17:41:02 [Info] Kullanıcı girişi başarılı: zehrauslu
2025-11-03 17:41:04 [Info] Tüm yazarlar listelendi.
2025-11-03 17:41:04 [Info] Tüm kategoriler listelendi
2025-11-03 17:42:27 [Info] Bootstrap: zehra@gmail.com -> USER rolü atandı.
2025-11-03 17:44:46 [Info] Kullanıcı girişi başarılı: zehrauslu
2025-11-03 17:44:49 [Info] Tüm yazarlar listelendi.
2025-11-03 17:44:49 [Info] Tüm kategoriler listelendi
