2025-10-23 09:19:09 [Info] Tüm yazarlar listelendi.
2025-10-23 09:19:22 [Info] Tüm yazarlar listelendi.
2025-10-23 09:19:56 [Info] Tüm yazarlar listelendi.
2025-10-23 09:19:59 [Info] Tüm yazarlar listelendi.
2025-10-23 09:20:10 [Info] Tüm yazarlar listelendi.
2025-10-23 09:20:12 [Info] Tüm yazarlar listelendi.
2025-10-23 09:20:15 [Info] Tüm yazarlar listelendi.
2025-10-23 09:55:50 [Info] Tüm yazarlar listelendi.
2025-10-23 09:56:01 [Info] Tüm yazarlar listelendi.
2025-10-23 09:56:09 [Info] Tüm yazarlar listelendi.
2025-10-23 10:36:38 [Info] Tüm yazarlar listelendi.
2025-10-23 10:36:41 [Info] Tüm yazarlar listelendi.
2025-10-23 10:46:33 [Info] Tüm yazarlar listelendi.
2025-10-23 10:46:36 [Info] Tüm yazarlar listelendi.
2025-10-23 10:51:46 [Info] Tüm yazarlar listelendi.
2025-10-23 10:51:53 [Info] Tüm yazarlar listelendi.
2025-10-23 10:51:56 [Info] Tüm yazarlar listelendi.
2025-10-23 10:52:03 [Info] Tüm yazarlar listelendi.
2025-10-23 10:56:17 [Info] Tüm yazarlar listelendi.
2025-10-23 11:03:30 [Info] Tüm yazarlar listelendi.
2025-10-23 11:37:15 [Info] Tüm yazarlar listelendi.
2025-10-23 11:40:39 [Info] Tüm yazarlar listelendi.
2025-10-23 11:40:43 [Info] Tüm yazarlar listelendi.
2025-10-23 13:45:05 [Info] Tüm yazarlar listelendi.
2025-10-23 13:46:21 [Info] Tüm yazarlar listelendi.
2025-10-23 13:46:27 [Info] Tüm yazarlar listelendi.
2025-10-23 13:46:30 [Info] Tüm yazarlar listelendi.
2025-10-23 13:46:33 [Info] Tüm yazarlar listelendi.
2025-10-23 13:46:34 [Info] Tüm yazarlar listelendi.
2025-10-23 13:47:00 [Info] Tüm yazarlar listelendi.
2025-10-23 13:47:14 [Info] Tüm yazarlar listelendi.
2025-10-23 13:47:40 [Info] Tüm yazarlar listelendi.
2025-10-23 13:47:53 [Info] Tüm yazarlar listelendi.
2025-10-23 13:47:58 [Info] Tüm yazarlar listelendi.
2025-10-23 13:48:19 [Info] Tüm yazarlar listelendi.
2025-10-23 13:48:35 [Info] Tüm yazarlar listelendi.
2025-10-23 13:48:45 [Info] Tüm yazarlar listelendi.
2025-10-23 13:49:24 [Info] Tüm yazarlar listelendi.
2025-10-23 13:49:31 [Info] Tüm yazarlar listelendi.
2025-10-23 13:49:42 [Info] Tüm yazarlar listelendi.
2025-10-23 13:49:57 [Info] Tüm yazarlar listelendi.
2025-10-23 13:50:02 [Info] Tüm yazarlar listelendi.
2025-10-23 13:50:14 [Info] Tüm yazarlar listelendi.
2025-10-23 13:50:39 [Info] Tüm yazarlar listelendi.
2025-10-23 13:50:53 [Info] Tüm yazarlar listelendi.
2025-10-23 13:50:59 [Info] Tüm yazarlar listelendi.
2025-10-23 13:51:24 [Info] Tüm yazarlar listelendi.
2025-10-23 13:51:33 [Info] Tüm yazarlar listelendi.
2025-10-23 13:51:44 [Info] Tüm yazarlar listelendi.
2025-10-23 13:51:52 [Info] Tüm yazarlar listelendi.
2025-10-23 13:51:59 [Info] Tüm yazarlar listelendi.
2025-10-23 13:52:21 [Info] Tüm yazarlar listelendi.
2025-10-23 13:52:30 [Info] Tüm yazarlar listelendi.
2025-10-23 13:52:42 [Info] Tüm yazarlar listelendi.
2025-10-23 13:53:06 [Info] Tüm yazarlar listelendi.
2025-10-23 13:55:26 [Info] Tüm yazarlar listelendi.
2025-10-23 13:55:27 [Info] Tüm yazarlar listelendi.
2025-10-23 13:55:51 [Info] Tüm yazarlar listelendi.
2025-10-23 13:55:53 [Info] Tüm yazarlar listelendi.
2025-10-23 13:56:49 [Info] Tüm yazarlar listelendi.
2025-10-23 13:57:07 [Info] Tüm yazarlar listelendi.
2025-10-23 13:57:10 [Info] Tüm yazarlar listelendi.
2025-10-23 13:57:26 [Info] Tüm yazarlar listelendi.
2025-10-23 13:57:32 [Info] Tüm yazarlar listelendi.
2025-10-23 13:57:57 [Info] Tüm yazarlar listelendi.
2025-10-23 13:58:24 [Info] Tüm yazarlar listelendi.
2025-10-23 13:58:26 [Info] Tüm yazarlar listelendi.
2025-10-23 13:58:43 [Info] Tüm yazarlar listelendi.
2025-10-23 13:58:44 [Info] Tüm yazarlar listelendi.
2025-10-23 13:58:55 [Info] Tüm yazarlar listelendi.
2025-10-23 13:58:56 [Info] Tüm yazarlar listelendi.
2025-10-23 13:59:16 [Info] Tüm yazarlar listelendi.
2025-10-23 13:59:18 [Info] Tüm yazarlar listelendi.
2025-10-23 13:59:20 [Info] Tüm yazarlar listelendi.
2025-10-23 13:59:22 [Info] Tüm yazarlar listelendi.
2025-10-23 13:59:23 [Info] Tüm yazarlar listelendi.
2025-10-23 13:59:51 [Info] Tüm yazarlar listelendi.
2025-10-23 13:59:59 [Info] Tüm yazarlar listelendi.
2025-10-23 14:00:02 [Info] Tüm yazarlar listelendi.
2025-10-23 14:00:17 [Info] Tüm yazarlar listelendi.
2025-10-23 14:00:27 [Info] Tüm yazarlar listelendi.
2025-10-23 14:00:32 [Info] Tüm yazarlar listelendi.
2025-10-23 14:00:39 [Info] Tüm yazarlar listelendi.
2025-10-23 14:01:05 [Info] Tüm yazarlar listelendi.
2025-10-23 14:01:33 [Info] Tüm yazarlar listelendi.
2025-10-23 14:01:52 [Info] Tüm yazarlar listelendi.
2025-10-23 14:01:57 [Info] Tüm yazarlar listelendi.
2025-10-23 14:02:10 [Info] Tüm yazarlar listelendi.
2025-10-23 14:02:27 [Info] Tüm yazarlar listelendi.
2025-10-23 14:02:31 [Info] Tüm yazarlar listelendi.
2025-10-23 14:02:40 [Info] Tüm yazarlar listelendi.
2025-10-23 14:02:43 [Info] Tüm yazarlar listelendi.
2025-10-23 14:03:04 [Info] Tüm yazarlar listelendi.
2025-10-23 14:03:27 [Info] Tüm yazarlar listelendi.
2025-10-23 14:03:34 [Info] Tüm yazarlar listelendi.
2025-10-23 14:03:43 [Info] Tüm yazarlar listelendi.
2025-10-23 14:03:55 [Info] Tüm yazarlar listelendi.
2025-10-23 14:04:06 [Info] Tüm yazarlar listelendi.
2025-10-23 14:04:17 [Info] Tüm yazarlar listelendi.
2025-10-23 14:10:41 [Info] Yeni yazar oluşturuldu: string string
2025-10-23 14:11:18 [Info] Tüm yazarlar listelendi.
2025-10-23 14:11:23 [Warn] Yazar bulunamadı.
2025-10-23 14:11:23 [Warn] Yazar bulunamadı.
2025-10-23 14:11:23 [Warn] Yazar bulunamadı.
2025-10-23 14:11:23 [Info] Yazar bulundu: yavs string
2025-10-23 14:11:25 [Warn] Yazar bulunamadı.
2025-10-23 14:11:25 [Warn] Yazar bulunamadı.
2025-10-23 14:11:25 [Warn] Yazar bulunamadı.
2025-10-23 14:11:28 [Warn] İsimle yazar bulunamadı.
2025-10-23 14:11:29 [Warn] İsimle yazar bulunamadı.
2025-10-23 14:11:29 [Warn] İsimle yazar bulunamadı.
2025-10-23 14:11:29 [Warn] İsimle yazar bulunamadı.
2025-10-23 14:11:29 [Warn] İsimle yazar bulunamadı.
2025-10-23 14:11:30 [Info] İsimle yazar bulundu: mehmet
2025-10-23 14:11:32 [Warn] İsimle yazar bulunamadı.
2025-10-23 14:11:32 [Warn] İsimle yazar bulunamadı.
2025-10-23 14:11:32 [Warn] İsimle yazar bulunamadı.
2025-10-23 14:11:32 [Warn] İsimle yazar bulunamadı.
2025-10-23 14:11:32 [Warn] İsimle yazar bulunamadı.
2025-10-23 14:11:46 [Info] Yeni yazar oluşturuldu: zehra uslu
2025-10-23 14:11:48 [Info] Yeni yazar oluşturuldu: zehra uslu
2025-10-23 14:11:50 [Info] Yeni yazar oluşturuldu: zehra uslu
2025-10-23 14:11:51 [Info] Yeni yazar oluşturuldu: zehra uslu
2025-10-23 14:11:51 [Info] Yeni yazar oluşturuldu: zehra uslu
2025-10-23 14:11:51 [Info] Yeni yazar oluşturuldu: zehra uslu
2025-10-23 14:11:51 [Info] Yeni yazar oluşturuldu: zehra uslu
2025-10-23 14:11:54 [Info] Yeni yazar oluşturuldu: zehra uslu
2025-10-23 14:11:57 [Info] Yeni yazar oluşturuldu: zehra uslu
2025-10-23 14:11:57 [Info] Yeni yazar oluşturuldu: zehra uslu
2025-10-23 14:11:58 [Info] Yeni yazar oluşturuldu: zehra uslu
2025-10-23 14:11:58 [Info] Yeni yazar oluşturuldu: zehra uslu
2025-10-23 14:11:58 [Info] Yeni yazar oluşturuldu: zehra uslu
2025-10-23 14:12:02 [Info] Tüm yazarlar listelendi.
2025-10-23 14:12:09 [Info] Yazar silindi: zehra uslu
2025-10-23 14:12:11 [Warn] Silinecek yazar bulunamadı.
2025-10-23 14:12:14 [Warn] Silinecek yazar bulunamadı.
2025-10-23 14:12:16 [Info] Tüm yazarlar listelendi.
2025-10-23 14:12:20 [Info] Yazar silindi: zehra uslu
2025-10-23 14:12:21 [Info] Tüm yazarlar listelendi.
2025-10-23 14:12:25 [Info] Yazar silindi: zehra uslu
2025-10-23 14:12:26 [Info] Tüm yazarlar listelendi.
2025-10-23 14:12:33 [Info] Yazar silindi: zehra uslu
2025-10-23 14:12:35 [Info] Tüm yazarlar listelendi.
2025-10-23 14:12:39 [Info] Yazar silindi: zehra uslu
2025-10-23 14:12:40 [Info] Tüm yazarlar listelendi.
2025-10-23 14:12:43 [Info] Yazar silindi: zehra uslu
2025-10-23 14:12:44 [Info] Tüm yazarlar listelendi.
2025-10-23 14:12:47 [Info] Yazar silindi: zehra uslu
2025-10-23 14:12:48 [Info] Tüm yazarlar listelendi.
2025-10-23 14:12:52 [Info] Yazar silindi: zehra uslu
2025-10-23 14:12:53 [Info] Tüm yazarlar listelendi.
2025-10-23 14:12:56 [Info] Yazar silindi: zehra uslu
2025-10-23 14:12:59 [Info] Yazar silindi: zehra uslu
2025-10-23 14:13:02 [Warn] Silinecek yazar bulunamadı.
2025-10-23 14:13:03 [Info] Tüm yazarlar listelendi.
2025-10-23 14:13:07 [Info] Yazar silindi: zehra uslu
2025-10-23 14:13:09 [Info] Yazar silindi: zehra uslu
2025-10-23 14:13:10 [Info] Tüm yazarlar listelendi.
2025-10-23 14:13:14 [Info] Yazar silindi: string string
2025-10-23 14:13:18 [Info] Yazar silindi: string string
2025-10-23 14:13:18 [Info] Tüm yazarlar listelendi.
2025-10-23 14:13:30 [Info] Yazar güncellendi: yavs sa
2025-10-23 14:13:31 [Info] Tüm yazarlar listelendi.
2025-10-23 14:17:21 [Info] Tüm yazarlar listelendi.
2025-10-23 14:17:22 [Info] Tüm yazarlar listelendi.
2025-10-23 14:17:35 [Info] Tüm yazarlar listelendi.
2025-10-23 14:17:36 [Info] Tüm yazarlar listelendi.
2025-10-23 14:18:16 [Info] Tüm yazarlar listelendi.
2025-10-23 14:21:38 [Info] Tüm yazarlar listelendi.
2025-10-23 14:21:40 [Info] Tüm yazarlar listelendi.
2025-10-23 14:21:51 [Warn] Yazar bulunamadı.
2025-10-23 14:21:51 [Warn] Yazar bulunamadı.
2025-10-23 14:21:51 [Warn] Yazar bulunamadı.
2025-10-23 14:21:51 [Info] Yazar bulundu: Mehmet Rauf
2025-10-23 14:21:53 [Warn] Yazar bulunamadı.
2025-10-23 14:21:53 [Warn] Yazar bulunamadı.
2025-10-23 14:21:55 [Warn] Yazar bulunamadı.
2025-10-23 14:21:56 [Warn] Yazar bulunamadı.
2025-10-23 14:21:57 [Warn] Yazar bulunamadı.
2025-10-23 14:22:01 [Warn] Yazar bulunamadı.
2025-10-23 14:22:03 [Warn] Yazar bulunamadı.
2025-10-23 14:22:03 [Warn] Yazar bulunamadı.
2025-10-23 14:22:03 [Warn] Yazar bulunamadı.
2025-10-23 14:22:07 [Warn] Yazar bulunamadı.
2025-10-23 14:22:08 [Warn] Yazar bulunamadı.
2025-10-23 14:22:08 [Warn] Yazar bulunamadı.
2025-10-23 14:22:09 [Warn] Yazar bulunamadı.
2025-10-23 14:22:13 [Warn] Yazar bulunamadı.
2025-10-23 14:22:14 [Warn] Yazar bulunamadı.
2025-10-23 14:22:14 [Warn] Yazar bulunamadı.
2025-10-23 14:22:16 [Warn] Yazar bulunamadı.
2025-10-23 14:22:17 [Warn] Yazar bulunamadı.
2025-10-23 14:22:17 [Warn] Yazar bulunamadı.
2025-10-23 14:22:17 [Warn] Yazar bulunamadı.
2025-10-23 14:22:19 [Warn] Yazar bulunamadı.
2025-10-23 14:22:19 [Warn] Yazar bulunamadı.
2025-10-23 14:22:20 [Warn] Yazar bulunamadı.
2025-10-23 14:22:20 [Warn] Yazar bulunamadı.
2025-10-23 14:22:21 [Warn] Yazar bulunamadı.
2025-10-23 14:22:21 [Warn] Yazar bulunamadı.
2025-10-23 14:22:21 [Warn] Yazar bulunamadı.
2025-10-23 14:22:23 [Warn] Yazar bulunamadı.
2025-10-23 14:22:23 [Warn] Yazar bulunamadı.
2025-10-23 14:22:23 [Warn] Yazar bulunamadı.
2025-10-23 14:22:24 [Info] Yazar bulundu: Sabahattin Ali
2025-10-23 14:22:25 [Warn] Yazar bulunamadı.
2025-10-23 14:22:27 [Info] Yazar bulundu: Halit Ziya Uşaklıgil
2025-10-23 14:22:28 [Warn] Yazar bulunamadı.
2025-10-23 14:22:29 [Warn] Yazar bulunamadı.
2025-10-23 14:22:31 [Warn] Yazar bulunamadı.
2025-10-23 14:22:31 [Warn] Yazar bulunamadı.
2025-10-23 14:22:33 [Warn] Yazar bulunamadı.
2025-10-23 14:22:33 [Warn] Yazar bulunamadı.
2025-10-23 14:22:34 [Warn] Yazar bulunamadı.
2025-10-23 14:22:34 [Warn] Yazar bulunamadı.
2025-10-23 14:22:36 [Warn] Yazar bulunamadı.
2025-10-23 14:22:36 [Warn] Yazar bulunamadı.
2025-10-23 14:22:36 [Warn] Yazar bulunamadı.
2025-10-23 14:22:43 [Info] Yazar güncellendi: yavs sa
2025-10-23 14:22:46 [Info] Tüm yazarlar listelendi.
2025-10-23 14:23:21 [Warn] Yazar bulunamadı.
2025-10-23 14:23:22 [Warn] Yazar bulunamadı.
2025-10-23 14:23:22 [Warn] Yazar bulunamadı.
2025-10-23 14:23:22 [Info] Yazar bulundu: yavs sa
2025-10-23 14:23:23 [Warn] Yazar bulunamadı.
2025-10-23 14:23:23 [Warn] Yazar bulunamadı.
2025-10-23 14:23:23 [Warn] Yazar bulunamadı.
2025-10-23 14:23:29 [Warn] Yazar bulunamadı.
2025-10-23 14:23:29 [Warn] Yazar bulunamadı.
2025-10-23 14:23:29 [Warn] Yazar bulunamadı.
2025-10-23 14:23:29 [Info] Yazar bulundu: zehra uslu
2025-10-23 14:23:33 [Warn] Yazar bulunamadı.
2025-10-23 14:23:34 [Warn] Yazar bulunamadı.
2025-10-23 14:23:34 [Warn] Yazar bulunamadı.
2025-10-23 14:23:43 [Warn] İsimle yazar bulunamadı.
2025-10-23 14:23:43 [Warn] İsimle yazar bulunamadı.
2025-10-23 14:23:43 [Warn] İsimle yazar bulunamadı.
2025-10-23 14:23:43 [Info] İsimle yazar bulundu: yavs
2025-10-23 14:23:44 [Warn] İsimle yazar bulunamadı.
2025-10-23 14:23:44 [Warn] İsimle yazar bulunamadı.
2025-10-23 14:23:45 [Warn] İsimle yazar bulunamadı.
2025-10-23 14:23:45 [Warn] İsimle yazar bulunamadı.
2025-10-23 14:23:45 [Warn] İsimle yazar bulunamadı.
2025-10-23 14:23:46 [Warn] İsimle yazar bulunamadı.
2025-10-23 14:23:46 [Warn] İsimle yazar bulunamadı.
2025-10-23 14:23:46 [Warn] İsimle yazar bulunamadı.
2025-10-23 14:23:46 [Warn] İsimle yazar bulunamadı.
2025-10-23 14:23:46 [Warn] İsimle yazar bulunamadı.
2025-10-23 14:23:46 [Warn] İsimle yazar bulunamadı.
2025-10-23 14:23:46 [Warn] İsimle yazar bulunamadı.
2025-10-23 14:23:47 [Warn] İsimle yazar bulunamadı.
2025-10-23 14:23:47 [Warn] İsimle yazar bulunamadı.
2025-10-23 14:23:47 [Warn] İsimle yazar bulunamadı.
2025-10-23 14:23:47 [Warn] İsimle yazar bulunamadı.
2025-10-23 14:23:47 [Warn] İsimle yazar bulunamadı.
2025-10-23 14:23:47 [Warn] İsimle yazar bulunamadı.
2025-10-23 14:23:47 [Warn] İsimle yazar bulunamadı.
2025-10-23 14:23:47 [Warn] İsimle yazar bulunamadı.
2025-10-23 14:23:48 [Warn] İsimle yazar bulunamadı.
2025-10-23 14:23:49 [Warn] İsimle yazar bulunamadı.
2025-10-23 14:23:49 [Warn] İsimle yazar bulunamadı.
2025-10-23 14:23:49 [Warn] İsimle yazar bulunamadı.
2025-10-23 14:23:49 [Info] İsimle yazar bulundu: zehra
2025-10-23 14:23:50 [Warn] İsimle yazar bulunamadı.
2025-10-23 14:23:51 [Warn] İsimle yazar bulunamadı.
2025-10-23 14:23:51 [Warn] İsimle yazar bulunamadı.
2025-10-23 14:23:51 [Warn] İsimle yazar bulunamadı.
2025-10-23 14:23:51 [Warn] İsimle yazar bulunamadı.
2025-10-23 14:23:52 [Warn] İsimle yazar bulunamadı.
2025-10-23 14:23:52 [Warn] İsimle yazar bulunamadı.
2025-10-23 14:23:52 [Warn] İsimle yazar bulunamadı.
2025-10-23 14:23:53 [Warn] İsimle yazar bulunamadı.
2025-10-23 14:23:53 [Warn] İsimle yazar bulunamadı.
2025-10-23 14:23:53 [Warn] İsimle yazar bulunamadı.
2025-10-23 14:25:15 [Info] Tüm yazarlar listelendi.
2025-10-23 14:25:18 [Info] Tüm yazarlar listelendi.
2025-10-23 15:30:51 [Info] Tüm yazarlar listelendi.
2025-10-23 15:31:23 [Info] Yazar silindi: zehra uslu
2025-10-23 15:31:32 [Info] Tüm yazarlar listelendi.
2025-10-23 15:33:52 [Info] Tüm yazarlar listelendi.
2025-10-23 15:34:02 [Info] Tüm yazarlar listelendi.
2025-10-23 15:34:05 [Info] Tüm yazarlar listelendi.
2025-10-23 15:34:49 [Info] Tüm yazarlar listelendi.
2025-10-23 15:35:25 [Info] Tüm yazarlar listelendi.
2025-10-23 15:35:44 [Info] Tüm yazarlar listelendi.
2025-10-23 15:35:46 [Info] Tüm yazarlar listelendi.
2025-10-23 15:35:48 [Info] Tüm yazarlar listelendi.
2025-10-23 16:12:45 [Info] Tüm yazarlar listelendi.
2025-10-23 16:44:58 [Info] Tüm yazarlar listelendi.
2025-10-23 16:49:34 [Info] Tüm yazarlar listelendi.
2025-10-23 17:01:22 [Info] Tüm yazarlar listelendi.
2025-10-23 17:01:26 [Info] Tüm yazarlar listelendi.
2025-10-23 17:01:32 [Info] Tüm kategoriler listelendi
2025-10-23 17:01:40 [Info] kategori bulundu: a
2025-10-23 17:01:40 [Info] kategori bulundu: aş
2025-10-23 17:01:41 [Info] kategori bulundu: aşk
2025-10-23 17:01:42 [Info] kategori bulundu: aş
2025-10-23 17:01:42 [Info] kategori bulundu: a
2025-10-23 17:01:43 [Info] kategori bulundu: p
2025-10-23 17:01:43 [Info] kategori bulundu: ps
2025-10-23 17:01:43 [Info] kategori bulundu: psi
2025-10-23 17:01:44 [Info] kategori bulundu: ps
2025-10-23 17:01:44 [Info] kategori bulundu: p
2025-10-23 17:01:51 [Info] kategori güncellendi: Aşk
2025-10-23 17:01:53 [Info] Tüm kategoriler listelendi
2025-10-23 17:02:11 [Info] Yeni kategori oluşturuldu: bilim kurgu
2025-10-23 17:02:15 [Info] Tüm kategoriler listelendi
2025-10-23 17:02:34 [Info] Tüm kategoriler listelendi
2025-10-23 17:02:44 [Warn] kategori bulunamadı
2025-10-23 17:02:45 [Warn] kategori bulunamadı
2025-10-23 17:02:45 [Warn] kategori bulunamadı
2025-10-23 17:02:45 [Info] kategori bulundu: bilim kurgu
2025-10-23 17:02:48 [Warn] kategori bulunamadı
2025-10-23 17:02:48 [Warn] kategori bulunamadı
2025-10-23 17:02:48 [Warn] kategori bulunamadı
2025-10-23 17:04:49 [Info] Tüm kategoriler listelendi
2025-10-23 17:04:54 [Info] Tüm yazarlar listelendi.
2025-10-23 17:04:58 [Info] Tüm yazarlar listelendi.
2025-10-23 17:04:59 [Info] Tüm kategoriler listelendi
2025-10-23 17:43:58 [Info] Tüm kategoriler listelendi
2025-10-23 17:44:01 [Info] Tüm kategoriler listelendi
