2025-11-11 09:25:11 [Info] Tüm yazarlar listelendi.
2025-11-11 09:25:11 [Error] Bir hata oluştu
System.IO.IOException: The process cannot access the file 'C:\Users\zehra\Desktop\projeler\KatmanliMimariGenel\UdemyKutuphaneAPI\UdemyKutuphaneApi\logs\2025-11-11.log' because it is being used by another process.
   at Microsoft.Win32.SafeHandles.SafeFileHandle.CreateFile(String fullPath, FileMode mode, FileAccess access, FileShare share, FileOptions options)
   at Microsoft.Win32.SafeHandles.SafeFileHandle.Open(String fullPath, FileMode mode, FileAccess access, FileShare share, FileOptions options, Int64 preallocationSize, Nullable`1 unixCreateMode)
   at System.IO.File.OpenHandle(String path, FileMode mode, FileAccess access, FileShare share, FileOptions options, Int64 preallocationSize)
   at System.IO.File.WriteToFile(String path, FileMode mode, String contents, Encoding encoding)
   at kutuphaneServis.Helpers.ZLog.ZLoggerService.Log(String message, LogLevelEnum level, String member, String file) in C:\Users\zehra\Desktop\projeler\KatmanliMimariGenel\kutuphaneServis\Helpers\ZLog\ZLoggerService.cs:line 47
   at kutuphaneServis.Helpers.ZLog.ZLoggerService.Info(String message) in C:\Users\zehra\Desktop\projeler\KatmanliMimariGenel\kutuphaneServis\Helpers\ZLog\ZLoggerService.cs:line 73
   at kutuphaneServis.Services.CategoryService.ListAll() in C:\Users\zehra\Desktop\projeler\KatmanliMimariGenel\kutuphaneServis\Services\CategoryService.cs:line 148
2025-11-11 09:25:18 [Info] Kullanıcı girişi başarılı: zehrauslu
2025-11-11 09:25:18 [Info] Tüm yazarlar listelendi.
2025-11-11 09:25:18 [Info] Tüm kategoriler listelendi
2025-11-11 09:25:20 [Info] Tüm yazarlar listelendi.
2025-11-11 09:25:20 [Info] Tüm kategoriler listelendi
2025-11-11 09:25:40 [Info] Tüm yazarlar listelendi.
2025-11-11 09:25:41 [Info] Tüm yazarlar listelendi.
2025-11-11 09:25:41 [Info] Tüm kategoriler listelendi
2025-11-11 09:26:43 [Info] Tüm yazarlar listelendi.
2025-11-11 09:26:43 [Info] Tüm kategoriler listelendi
2025-11-11 09:26:52 [Info] Tüm yazarlar listelendi.
2025-11-11 09:26:52 [Info] Tüm kategoriler listelendi
2025-11-11 09:39:09 [Info] Tüm yazarlar listelendi.
2025-11-11 09:39:09 [Info] Tüm kategoriler listelendi
2025-11-11 09:50:58 [Info] Tüm yazarlar listelendi.
2025-11-11 09:55:45 [Info] Tüm yazarlar listelendi.
2025-11-11 10:00:36 [Info] Kullanıcı girişi başarılı: zehrauslu
2025-11-11 10:00:36 [Info] Tüm yazarlar listelendi.
2025-11-11 10:00:36 [Info] Tüm kategoriler listelendi
2025-11-11 10:00:45 [Info] Tüm yazarlar listelendi.
2025-11-11 10:00:46 [Info] Tüm yazarlar listelendi.
2025-11-11 10:00:46 [Info] Tüm kategoriler listelendi
2025-11-11 10:06:24 [Info] Tüm yazarlar listelendi.
2025-11-11 10:06:24 [Info] Tüm kategoriler listelendi
2025-11-11 10:25:58 [Info] Tüm yazarlar listelendi.
2025-11-11 10:26:00 [Info] Tüm kategoriler listelendi
2025-11-11 10:26:03 [Info] Tüm yazarlar listelendi.
2025-11-11 10:26:03 [Info] Tüm kategoriler listelendi
2025-11-11 10:26:04 [Info] Tüm kategoriler listelendi
2025-11-11 10:26:05 [Info] Tüm yazarlar listelendi.
2025-11-11 10:26:06 [Info] Tüm kategoriler listelendi
2025-11-11 10:26:07 [Info] Tüm yazarlar listelendi.
2025-11-11 10:26:07 [Info] Tüm kategoriler listelendi
2025-11-11 10:26:09 [Info] Tüm kategoriler listelendi
2025-11-11 10:30:11 [Info] Kullanıcı girişi başarılı: zehrauslu
2025-11-11 10:30:11 [Info] Tüm kategoriler listelendi
2025-11-11 10:30:24 [Info] Tüm kategoriler listelendi
2025-11-11 10:31:00 [Info] Tüm kategoriler listelendi
2025-11-11 10:34:37 [Info] Tüm yazarlar listelendi.
2025-11-11 10:34:37 [Info] Tüm kategoriler listelendi
2025-11-11 10:34:50 [Info] Tüm yazarlar listelendi.
2025-11-11 10:35:39 [Info] Tüm yazarlar listelendi.
2025-11-11 11:24:13 [Info] Kullanıcı girişi başarılı: zehrauslu
2025-11-11 11:24:13 [Info] Tüm yazarlar listelendi.
2025-11-11 11:24:51 [Info] Tüm yazarlar listelendi.
2025-11-11 11:28:33 [Info] Tüm yazarlar listelendi.
2025-11-11 11:28:47 [Info] Tüm yazarlar listelendi.
2025-11-11 11:31:17 [Info] Tüm yazarlar listelendi.
2025-11-11 11:38:24 [Info] Tüm yazarlar listelendi.
2025-11-11 11:43:08 [Info] Tüm yazarlar listelendi.
2025-11-11 11:43:08 [Info] Tüm kategoriler listelendi
2025-11-11 11:45:55 [Info] Kullanıcı girişi başarılı: zehrauslu
2025-11-11 11:45:55 [Info] Tüm yazarlar listelendi.
2025-11-11 11:45:55 [Info] Tüm kategoriler listelendi
2025-11-11 11:45:59 [Info] Tüm yazarlar listelendi.
2025-11-11 11:51:46 [Info] Tüm yazarlar listelendi.
2025-11-11 11:52:01 [Info] Tüm yazarlar listelendi.
2025-11-11 11:52:02 [Info] Tüm yazarlar listelendi.
2025-11-11 11:52:02 [Info] Tüm kategoriler listelendi
2025-11-11 11:52:09 [Info] Tüm yazarlar listelendi.
2025-11-11 11:52:20 [Info] Tüm yazarlar listelendi.
2025-11-11 11:53:03 [Info] Tüm yazarlar listelendi.
2025-11-11 11:53:03 [Info] Tüm kategoriler listelendi
2025-11-11 11:53:42 [Info] Tüm kategoriler listelendi
2025-11-11 11:53:53 [Info] Tüm yazarlar listelendi.
2025-11-11 11:53:53 [Info] Tüm kategoriler listelendi
2025-11-11 11:54:00 [Info] Tüm yazarlar listelendi.
2025-11-11 11:54:00 [Info] Tüm kategoriler listelendi
2025-11-11 11:54:08 [Info] Tüm yazarlar listelendi.
2025-11-11 11:54:08 [Info] Tüm kategoriler listelendi
2025-11-11 11:54:17 [Info] Tüm yazarlar listelendi.
2025-11-11 11:54:17 [Info] Tüm kategoriler listelendi
2025-11-11 11:54:27 [Info] Tüm yazarlar listelendi.
2025-11-11 11:56:38 [Info] Tüm yazarlar listelendi.
2025-11-11 11:56:38 [Info] Tüm kategoriler listelendi
2025-11-11 11:56:48 [Info] Tüm yazarlar listelendi.
2025-11-11 11:56:49 [Info] Tüm kategoriler listelendi
2025-11-11 11:57:04 [Info] Tüm yazarlar listelendi.
2025-11-11 11:57:37 [Info] Tüm yazarlar listelendi.
2025-11-11 11:57:44 [Info] Tüm yazarlar listelendi.
2025-11-11 11:57:44 [Info] Tüm kategoriler listelendi
2025-11-11 11:57:46 [Info] Tüm kategoriler listelendi
2025-11-11 11:57:48 [Info] Tüm yazarlar listelendi.
2025-11-11 13:41:34 [Info] Kullanıcı girişi başarılı: zehrauslu
2025-11-11 13:41:34 [Info] Tüm yazarlar listelendi.
2025-11-11 14:08:09 [Info] Tüm yazarlar listelendi.
2025-11-11 14:08:09 [Info] Tüm kategoriler listelendi
2025-11-11 14:13:47 [Info] Kullanıcı girişi başarılı: zehrauslu
2025-11-11 14:13:47 [Info] Tüm yazarlar listelendi.
2025-11-11 14:13:47 [Info] Tüm kategoriler listelendi
2025-11-11 14:13:49 [Info] Tüm yazarlar listelendi.
2025-11-11 14:14:02 [Info] Tüm yazarlar listelendi.
2025-11-11 14:14:02 [Info] Tüm kategoriler listelendi
2025-11-11 14:14:04 [Info] Tüm yazarlar listelendi.
2025-11-11 14:20:55 [Info] Tüm yazarlar listelendi.
2025-11-11 14:21:01 [Info] Tüm yazarlar listelendi.
2025-11-11 14:21:32 [Info] Tüm yazarlar listelendi.
2025-11-11 14:21:36 [Info] Tüm yazarlar listelendi.
2025-11-11 14:21:45 [Info] Tüm yazarlar listelendi.
2025-11-11 14:21:45 [Info] Tüm kategoriler listelendi
2025-11-11 14:21:47 [Info] Tüm yazarlar listelendi.
2025-11-11 14:21:49 [Info] Tüm yazarlar listelendi.
2025-11-11 14:21:49 [Info] Tüm kategoriler listelendi
2025-11-11 14:21:51 [Info] Tüm yazarlar listelendi.
2025-11-11 14:23:36 [Info] Tüm yazarlar listelendi.
2025-11-11 14:23:36 [Info] Tüm kategoriler listelendi
2025-11-11 14:23:37 [Info] Tüm yazarlar listelendi.
2025-11-11 14:23:38 [Info] Tüm kategoriler listelendi
2025-11-11 14:23:43 [Info] Tüm yazarlar listelendi.
2025-11-11 14:26:26 [Info] Tüm yazarlar listelendi.
2025-11-11 14:27:04 [Info] Tüm yazarlar listelendi.
2025-11-11 14:34:29 [Info] Tüm yazarlar listelendi.
2025-11-11 14:35:19 [Info] Tüm yazarlar listelendi.
2025-11-11 14:35:19 [Info] Tüm kategoriler listelendi
2025-11-11 14:36:04 [Info] Kullanıcı girişi başarılı: zehrauslu
2025-11-11 14:36:04 [Info] Tüm kategoriler listelendi
2025-11-11 14:36:04 [Info] Tüm yazarlar listelendi.
2025-11-11 14:36:06 [Info] Tüm yazarlar listelendi.
2025-11-11 14:36:27 [Info] Tüm kategoriler listelendi
2025-11-11 14:36:29 [Info] Tüm yazarlar listelendi.
2025-11-11 14:36:29 [Info] Tüm kategoriler listelendi
2025-11-11 14:36:34 [Info] Tüm yazarlar listelendi.
2025-11-11 14:41:57 [Info] Kullanıcı girişi başarılı: zehrauslu
2025-11-11 14:41:57 [Info] Tüm yazarlar listelendi.
2025-11-11 14:44:07 [Info] Tüm yazarlar listelendi.
2025-11-11 14:44:14 [Info] Tüm yazarlar listelendi.
2025-11-11 14:44:14 [Info] Tüm kategoriler listelendi
2025-11-11 14:44:21 [Info] Tüm yazarlar listelendi.
2025-11-11 14:45:34 [Info] Tüm yazarlar listelendi.
2025-11-11 14:45:51 [Info] Tüm yazarlar listelendi.
2025-11-11 14:46:21 [Info] Tüm yazarlar listelendi.
2025-11-11 14:46:21 [Info] Tüm kategoriler listelendi
2025-11-11 14:46:22 [Info] Tüm kategoriler listelendi
2025-11-11 14:46:24 [Info] Tüm yazarlar listelendi.
2025-11-11 14:46:29 [Info] Tüm kategoriler listelendi
2025-11-11 14:47:24 [Info] Tüm yazarlar listelendi.
2025-11-11 14:47:28 [Info] Tüm kategoriler listelendi
2025-11-11 14:47:29 [Info] Tüm yazarlar listelendi.
2025-11-11 14:47:29 [Info] Tüm kategoriler listelendi
2025-11-11 14:47:33 [Info] Tüm yazarlar listelendi.
2025-11-11 14:47:38 [Info] Tüm kategoriler listelendi
2025-11-11 14:47:39 [Info] Tüm yazarlar listelendi.
2025-11-11 14:47:39 [Info] Tüm kategoriler listelendi
2025-11-11 14:47:42 [Info] Tüm yazarlar listelendi.
2025-11-11 14:47:51 [Info] Tüm yazarlar listelendi.
2025-11-11 14:49:13 [Info] Yazar güncellendi: Elif Şafak
2025-11-11 14:49:13 [Info] Tüm yazarlar listelendi.
2025-11-11 14:49:17 [Info] Yazar güncellendi: Elif Şafak
2025-11-11 14:49:17 [Info] Tüm yazarlar listelendi.
2025-11-11 14:49:46 [Info] Tüm yazarlar listelendi.
2025-11-11 14:50:02 [Info] Tüm yazarlar listelendi.
2025-11-11 14:50:06 [Info] Tüm kategoriler listelendi
2025-11-11 14:50:53 [Info] Tüm kategoriler listelendi
2025-11-11 14:51:56 [Info] Tüm yazarlar listelendi.
2025-11-11 14:51:56 [Info] Tüm kategoriler listelendi
2025-11-11 14:52:10 [Info] Tüm kategoriler listelendi
2025-11-11 14:52:11 [Info] Tüm yazarlar listelendi.
2025-11-11 14:52:12 [Info] Tüm yazarlar listelendi.
2025-11-11 14:52:12 [Info] Tüm kategoriler listelendi
2025-11-11 14:52:20 [Info] Tüm yazarlar listelendi.
2025-11-11 14:52:42 [Info] Tüm kategoriler listelendi
2025-11-11 14:52:42 [Info] Tüm yazarlar listelendi.
2025-11-11 14:52:49 [Info] Tüm yazarlar listelendi.
2025-11-11 14:52:50 [Info] Tüm kategoriler listelendi
2025-11-11 14:52:51 [Info] Tüm yazarlar listelendi.
2025-11-11 14:52:51 [Info] Tüm kategoriler listelendi
2025-11-11 14:52:54 [Info] Tüm kategoriler listelendi
2025-11-11 14:52:54 [Info] Tüm yazarlar listelendi.
2025-11-11 14:55:21 [Info] Tüm yazarlar listelendi.
2025-11-11 14:55:35 [Info] Tüm yazarlar listelendi.
2025-11-11 14:55:37 [Info] Tüm yazarlar listelendi.
2025-11-11 14:55:37 [Info] Tüm kategoriler listelendi
2025-11-11 14:58:23 [Info] Kullanıcı girişi başarılı: zehrauslu
2025-11-11 14:58:23 [Info] Tüm yazarlar listelendi.
2025-11-11 14:58:23 [Info] Tüm kategoriler listelendi
2025-11-11 14:58:35 [Info] Tüm kategoriler listelendi
2025-11-11 14:58:36 [Info] Tüm yazarlar listelendi.
2025-11-11 14:58:36 [Info] Tüm kategoriler listelendi
2025-11-11 14:58:38 [Info] Tüm kategoriler listelendi
2025-11-11 14:58:41 [Info] Tüm yazarlar listelendi.
2025-11-11 14:58:41 [Info] Tüm kategoriler listelendi
2025-11-11 15:00:16 [Info] Tüm yazarlar listelendi.
2025-11-11 15:00:16 [Info] Tüm kategoriler listelendi
2025-11-11 15:00:42 [Info] Tüm yazarlar listelendi.
2025-11-11 15:00:47 [Info] Tüm kategoriler listelendi
2025-11-11 15:00:54 [Info] Tüm yazarlar listelendi.
2025-11-11 15:03:20 [Info] Tüm yazarlar listelendi.
2025-11-11 15:03:22 [Info] Tüm yazarlar listelendi.
2025-11-11 15:03:22 [Info] Tüm kategoriler listelendi
2025-11-11 15:03:48 [Info] Tüm yazarlar listelendi.
2025-11-11 15:03:48 [Info] Tüm kategoriler listelendi
2025-11-11 15:03:55 [Info] Tüm yazarlar listelendi.
2025-11-11 15:04:56 [Info] Tüm yazarlar listelendi.
2025-11-11 15:04:56 [Error] Bir hata oluştu
System.IO.IOException: The process cannot access the file 'C:\Users\zehra\Desktop\projeler\KatmanliMimariGenel\UdemyKutuphaneAPI\UdemyKutuphaneApi\logs\2025-11-11.log' because it is being used by another process.
   at Microsoft.Win32.SafeHandles.SafeFileHandle.CreateFile(String fullPath, FileMode mode, FileAccess access, FileShare share, FileOptions options)
   at Microsoft.Win32.SafeHandles.SafeFileHandle.Open(String fullPath, FileMode mode, FileAccess access, FileShare share, FileOptions options, Int64 preallocationSize, Nullable`1 unixCreateMode)
   at System.IO.File.WriteToFile(String path, FileMode mode, String contents, Encoding encoding)
   at kutuphaneServis.Helpers.ZLog.ZLoggerService.Log(String message, LogLevelEnum level, String member, String file) in C:\Users\zehra\Desktop\projeler\KatmanliMimariGenel\kutuphaneServis\Helpers\ZLog\ZLoggerService.cs:line 47
   at kutuphaneServis.Helpers.ZLog.ZLoggerService.Info(String message) in C:\Users\zehra\Desktop\projeler\KatmanliMimariGenel\kutuphaneServis\Helpers\ZLog\ZLoggerService.cs:line 73
   at kutuphaneServis.Services.CategoryService.ListAll() in C:\Users\zehra\Desktop\projeler\KatmanliMimariGenel\kutuphaneServis\Services\CategoryService.cs:line 148
2025-11-11 15:04:59 [Info] Tüm yazarlar listelendi.
2025-11-11 15:05:00 [Info] Tüm kategoriler listelendi
2025-11-11 15:05:02 [Info] Tüm yazarlar listelendi.
2025-11-11 15:05:02 [Info] Tüm kategoriler listelendi
2025-11-11 15:05:08 [Info] Tüm kategoriler listelendi
2025-11-11 15:05:10 [Info] Tüm yazarlar listelendi.
2025-11-11 15:05:10 [Info] Tüm kategoriler listelendi
2025-11-11 15:05:11 [Info] Tüm kategoriler listelendi
2025-11-11 15:06:29 [Info] Tüm kategoriler listelendi
2025-11-11 15:06:31 [Info] Tüm yazarlar listelendi.
2025-11-11 15:06:31 [Info] Tüm kategoriler listelendi
2025-11-11 15:09:38 [Info] Tüm yazarlar listelendi.
2025-11-11 15:09:38 [Info] Tüm kategoriler listelendi
2025-11-11 15:13:51 [Info] Tüm yazarlar listelendi.
2025-11-11 15:13:51 [Error] Bir hata oluştu
System.IO.IOException: The process cannot access the file 'C:\Users\zehra\Desktop\projeler\KatmanliMimariGenel\UdemyKutuphaneAPI\UdemyKutuphaneApi\logs\2025-11-11.log' because it is being used by another process.
   at Microsoft.Win32.SafeHandles.SafeFileHandle.CreateFile(String fullPath, FileMode mode, FileAccess access, FileShare share, FileOptions options)
   at Microsoft.Win32.SafeHandles.SafeFileHandle.Open(String fullPath, FileMode mode, FileAccess access, FileShare share, FileOptions options, Int64 preallocationSize, Nullable`1 unixCreateMode)
   at System.IO.File.WriteToFile(String path, FileMode mode, String contents, Encoding encoding)
   at kutuphaneServis.Helpers.ZLog.ZLoggerService.Log(String message, LogLevelEnum level, String member, String file) in C:\Users\zehra\Desktop\projeler\KatmanliMimariGenel\kutuphaneServis\Helpers\ZLog\ZLoggerService.cs:line 47
   at kutuphaneServis.Helpers.ZLog.ZLoggerService.Info(String message) in C:\Users\zehra\Desktop\projeler\KatmanliMimariGenel\kutuphaneServis\Helpers\ZLog\ZLoggerService.cs:line 73
   at kutuphaneServis.Services.CategoryService.ListAll() in C:\Users\zehra\Desktop\projeler\KatmanliMimariGenel\kutuphaneServis\Services\CategoryService.cs:line 148
2025-11-11 15:14:17 [Info] Tüm kategoriler listelendi
2025-11-11 15:14:17 [Info] Tüm yazarlar listelendi.
2025-11-11 15:22:35 [Info] Tüm kategoriler listelendi
2025-11-11 15:22:35 [Info] Tüm yazarlar listelendi.
2025-11-11 15:23:46 [Info] Kullanıcı girişi başarılı: zehrauslu
2025-11-11 15:23:46 [Info] Tüm yazarlar listelendi.
2025-11-11 15:23:46 [Error] Bir hata oluştu
System.IO.IOException: The process cannot access the file 'C:\Users\zehra\Desktop\projeler\KatmanliMimariGenel\UdemyKutuphaneAPI\UdemyKutuphaneApi\logs\2025-11-11.log' because it is being used by another process.
   at Microsoft.Win32.SafeHandles.SafeFileHandle.CreateFile(String fullPath, FileMode mode, FileAccess access, FileShare share, FileOptions options)
   at Microsoft.Win32.SafeHandles.SafeFileHandle.Open(String fullPath, FileMode mode, FileAccess access, FileShare share, FileOptions options, Int64 preallocationSize, Nullable`1 unixCreateMode)
   at System.IO.File.WriteToFile(String path, FileMode mode, String contents, Encoding encoding)
   at kutuphaneServis.Helpers.ZLog.ZLoggerService.Log(String message, LogLevelEnum level, String member, String file) in C:\Users\zehra\Desktop\projeler\KatmanliMimariGenel\kutuphaneServis\Helpers\ZLog\ZLoggerService.cs:line 47
   at kutuphaneServis.Helpers.ZLog.ZLoggerService.Info(String message) in C:\Users\zehra\Desktop\projeler\KatmanliMimariGenel\kutuphaneServis\Helpers\ZLog\ZLoggerService.cs:line 73
   at kutuphaneServis.Services.CategoryService.ListAll() in C:\Users\zehra\Desktop\projeler\KatmanliMimariGenel\kutuphaneServis\Services\CategoryService.cs:line 148
2025-11-11 15:23:49 [Info] Tüm yazarlar listelendi.
2025-11-11 15:23:49 [Info] Tüm kategoriler listelendi
2025-11-11 15:23:50 [Info] Tüm yazarlar listelendi.
2025-11-11 15:23:50 [Info] Tüm kategoriler listelendi
2025-11-11 15:24:07 [Info] Tüm yazarlar listelendi.
2025-11-11 15:24:07 [Error] Bir hata oluştu
System.IO.IOException: The process cannot access the file 'C:\Users\zehra\Desktop\projeler\KatmanliMimariGenel\UdemyKutuphaneAPI\UdemyKutuphaneApi\logs\2025-11-11.log' because it is being used by another process.
   at Microsoft.Win32.SafeHandles.SafeFileHandle.CreateFile(String fullPath, FileMode mode, FileAccess access, FileShare share, FileOptions options)
   at Microsoft.Win32.SafeHandles.SafeFileHandle.Open(String fullPath, FileMode mode, FileAccess access, FileShare share, FileOptions options, Int64 preallocationSize, Nullable`1 unixCreateMode)
   at System.IO.File.WriteToFile(String path, FileMode mode, String contents, Encoding encoding)
   at kutuphaneServis.Helpers.ZLog.ZLoggerService.Log(String message, LogLevelEnum level, String member, String file) in C:\Users\zehra\Desktop\projeler\KatmanliMimariGenel\kutuphaneServis\Helpers\ZLog\ZLoggerService.cs:line 47
   at kutuphaneServis.Helpers.ZLog.ZLoggerService.Info(String message) in C:\Users\zehra\Desktop\projeler\KatmanliMimariGenel\kutuphaneServis\Helpers\ZLog\ZLoggerService.cs:line 73
   at kutuphaneServis.Services.CategoryService.ListAll() in C:\Users\zehra\Desktop\projeler\KatmanliMimariGenel\kutuphaneServis\Services\CategoryService.cs:line 148
2025-11-11 15:24:38 [Info] Tüm kategoriler listelendi
2025-11-11 15:24:38 [Error] Yazarlar getirilirken bir hata oluştu.
System.IO.IOException: The process cannot access the file 'C:\Users\zehra\Desktop\projeler\KatmanliMimariGenel\UdemyKutuphaneAPI\UdemyKutuphaneApi\logs\2025-11-11.log' because it is being used by another process.
   at Microsoft.Win32.SafeHandles.SafeFileHandle.CreateFile(String fullPath, FileMode mode, FileAccess access, FileShare share, FileOptions options)
   at Microsoft.Win32.SafeHandles.SafeFileHandle.Open(String fullPath, FileMode mode, FileAccess access, FileShare share, FileOptions options, Int64 preallocationSize, Nullable`1 unixCreateMode)
   at System.IO.File.WriteToFile(String path, FileMode mode, String contents, Encoding encoding)
   at kutuphaneServis.Helpers.ZLog.ZLoggerService.Log(String message, LogLevelEnum level, String member, String file) in C:\Users\zehra\Desktop\projeler\KatmanliMimariGenel\kutuphaneServis\Helpers\ZLog\ZLoggerService.cs:line 47
   at kutuphaneServis.Helpers.ZLog.ZLoggerService.Info(String message) in C:\Users\zehra\Desktop\projeler\KatmanliMimariGenel\kutuphaneServis\Helpers\ZLog\ZLoggerService.cs:line 73
   at kutuphaneServis.Services.AuthorService.ListAll() in C:\Users\zehra\Desktop\projeler\KatmanliMimariGenel\kutuphaneServis\Services\AuthorService.cs:line 153
2025-11-11 15:26:15 [Info] Tüm yazarlar listelendi.
2025-11-11 15:26:30 [Info] Tüm kategoriler listelendi
2025-11-11 15:26:33 [Info] Tüm yazarlar listelendi.
2025-11-11 15:26:33 [Info] Tüm kategoriler listelendi
2025-11-11 15:26:43 [Info] Tüm yazarlar listelendi.
2025-11-11 15:26:44 [Info] Tüm yazarlar listelendi.
2025-11-11 15:26:44 [Info] Tüm kategoriler listelendi
2025-11-11 15:26:46 [Info] Tüm yazarlar listelendi.
2025-11-11 16:15:36 [Info] Kullanıcı girişi başarılı: zehrauslu
2025-11-11 16:15:36 [Info] Tüm yazarlar listelendi.
2025-11-11 16:20:54 [Info] Tüm yazarlar listelendi.
2025-11-11 16:21:06 [Info] Tüm yazarlar listelendi.
2025-11-11 16:30:01 [Info] Yazar güncellendi: Orhan Pamuk
2025-11-11 16:30:01 [Info] Tüm yazarlar listelendi.
2025-11-11 16:30:16 [Info] Tüm yazarlar listelendi.
2025-11-11 16:30:16 [Info] Tüm kategoriler listelendi
2025-11-11 16:30:19 [Info] Tüm yazarlar listelendi.
2025-11-11 16:30:19 [Info] Tüm kategoriler listelendi
2025-11-11 16:30:21 [Info] Tüm kategoriler listelendi
2025-11-11 16:30:21 [Info] Tüm yazarlar listelendi.
2025-11-11 16:37:58 [Info] Kullanıcı girişi başarılı: zehrauslu
2025-11-11 16:37:59 [Info] Tüm yazarlar listelendi.
2025-11-11 16:38:11 [Info] Tüm yazarlar listelendi.
2025-11-11 16:39:04 [Info] Yazar güncellendi: Orhan Pamuk
2025-11-11 16:39:04 [Info] Tüm yazarlar listelendi.
2025-11-11 16:39:15 [Info] Tüm yazarlar listelendi.
2025-11-11 16:39:15 [Info] Tüm kategoriler listelendi
2025-11-11 16:39:25 [Info] Tüm yazarlar listelendi.
2025-11-11 16:41:14 [Info] Tüm yazarlar listelendi.
2025-11-11 16:41:16 [Info] Tüm yazarlar listelendi.
2025-11-11 16:47:51 [Info] Tüm yazarlar listelendi.
2025-11-11 16:51:37 [Info] Tüm yazarlar listelendi.
2025-11-11 16:51:37 [Info] Tüm kategoriler listelendi
2025-11-11 16:52:41 [Info] Tüm yazarlar listelendi.
2025-11-11 16:52:41 [Info] Tüm kategoriler listelendi
2025-11-11 16:52:53 [Info] Tüm yazarlar listelendi.
2025-11-11 16:52:53 [Info] Tüm kategoriler listelendi
2025-11-11 16:52:56 [Info] Tüm yazarlar listelendi.
2025-11-11 16:53:28 [Info] Kullanıcı girişi başarılı: zehrauslu
2025-11-11 16:53:28 [Info] Tüm yazarlar listelendi.
2025-11-11 16:53:49 [Info] Tüm yazarlar listelendi.
2025-11-11 16:54:05 [Info] Tüm yazarlar listelendi.
2025-11-11 16:54:31 [Info] Tüm yazarlar listelendi.
2025-11-11 16:55:03 [Info] Tüm yazarlar listelendi.
2025-11-11 16:55:40 [Info] Tüm yazarlar listelendi.
2025-11-11 16:56:20 [Info] Tüm yazarlar listelendi.
2025-11-11 16:56:57 [Info] Tüm yazarlar listelendi.
2025-11-11 16:57:10 [Info] Tüm yazarlar listelendi.
2025-11-11 16:57:37 [Info] Tüm yazarlar listelendi.
2025-11-11 16:58:00 [Info] Tüm yazarlar listelendi.
2025-11-11 16:58:30 [Info] Tüm yazarlar listelendi.
2025-11-11 16:58:45 [Info] Tüm yazarlar listelendi.
2025-11-11 16:59:17 [Info] Tüm yazarlar listelendi.
2025-11-11 16:59:30 [Info] Tüm yazarlar listelendi.
2025-11-11 16:59:56 [Info] Tüm yazarlar listelendi.
2025-11-11 17:00:07 [Info] Tüm yazarlar listelendi.
2025-11-11 17:00:32 [Info] Tüm yazarlar listelendi.
2025-11-11 17:00:46 [Info] Tüm kategoriler listelendi
2025-11-11 17:01:25 [Info] Tüm yazarlar listelendi.
2025-11-11 17:01:25 [Info] Tüm kategoriler listelendi
2025-11-11 17:03:00 [Info] Tüm yazarlar listelendi.
2025-11-11 17:03:00 [Info] Tüm kategoriler listelendi
2025-11-11 17:36:29 [Info] Kullanıcı girişi başarılı: zehrauslu
2025-11-11 17:36:29 [Info] Tüm yazarlar listelendi.
2025-11-11 17:36:29 [Info] Tüm kategoriler listelendi
2025-11-11 17:36:36 [Info] Tüm yazarlar listelendi.
2025-11-11 17:36:36 [Info] Tüm kategoriler listelendi
2025-11-11 17:36:52 [Info] Tüm yazarlar listelendi.
2025-11-11 17:36:52 [Info] Tüm kategoriler listelendi
2025-11-11 17:36:55 [Info] Tüm yazarlar listelendi.
2025-11-11 17:36:55 [Info] Tüm kategoriler listelendi
2025-11-11 17:39:08 [Info] Tüm kategoriler listelendi
2025-11-11 17:39:13 [Info] Tüm yazarlar listelendi.
2025-11-11 17:39:13 [Info] Tüm kategoriler listelendi
2025-11-11 17:39:17 [Info] Tüm yazarlar listelendi.
2025-11-11 17:39:17 [Info] Tüm kategoriler listelendi
2025-11-11 17:39:58 [Info] Tüm yazarlar listelendi.
2025-11-11 17:39:58 [Info] Tüm kategoriler listelendi
2025-11-11 17:40:03 [Info] Tüm yazarlar listelendi.
2025-11-11 17:40:03 [Info] Tüm kategoriler listelendi
2025-11-11 17:41:04 [Info] Tüm yazarlar listelendi.
2025-11-11 17:41:04 [Info] Tüm kategoriler listelendi
2025-11-11 17:41:08 [Info] Tüm yazarlar listelendi.
2025-11-11 17:41:08 [Info] Tüm kategoriler listelendi
