2025-10-31 00:10:10 [Info] Kullanıcı girişi başarılı: zehrauslu
2025-10-31 00:10:56 [Info] Yeni kullanıcı oluşturuldu: zehra
2025-10-31 00:11:11 [Info] Kullanıcı girişi başarılı: zehra
2025-10-31 00:12:05 [Error] Bu kullanıcı adı veya eposta zaten var.
2025-10-31 00:12:15 [Error] Bu kullanıcı adı veya eposta zaten var.
2025-10-31 00:12:16 [Error] Bu kullanıcı adı veya eposta zaten var.
2025-10-31 00:12:16 [Error] Bu kullanıcı adı veya eposta zaten var.
2025-10-31 00:12:17 [Error] Bu kullanıcı adı veya eposta zaten var.
2025-10-31 00:12:17 [Error] Bu kullanıcı adı veya eposta zaten var.
2025-10-31 00:12:17 [Error] Bu kullanıcı adı veya eposta zaten var.
2025-10-31 00:12:17 [Error] Bu kullanıcı adı veya eposta zaten var.
2025-10-31 00:12:21 [Info] Yeni kullanıcı oluşturuldu: esrauslu1
2025-10-31 00:12:35 [Info] Kullanıcı girişi başarılı: esrauslu1
2025-10-31 07:36:06 [Info] Kullanıcı girişi başarılı: zehrauslu
2025-10-31 07:36:07 [Info] Tüm yazarlar listelendi.
2025-10-31 07:36:09 [Info] Tüm kategoriler listelendi
2025-10-31 07:36:11 [Info] Tüm yazarlar listelendi.
2025-10-31 07:36:11 [Info] Tüm kategoriler listelendi
2025-10-31 07:36:13 [Info] Tüm yazarlar listelendi.
2025-10-31 07:36:13 [Info] Tüm kategoriler listelendi
2025-10-31 07:36:22 [Info] Tüm kategoriler listelendi
2025-10-31 07:36:23 [Info] Tüm yazarlar listelendi.
2025-10-31 07:36:24 [Info] Tüm yazarlar listelendi.
2025-10-31 07:36:24 [Info] Tüm kategoriler listelendi
2025-10-31 07:36:25 [Info] Tüm yazarlar listelendi.
2025-10-31 07:36:25 [Info] Tüm kategoriler listelendi
2025-10-31 07:36:26 [Info] Tüm yazarlar listelendi.
2025-10-31 07:36:34 [Info] Tüm kategoriler listelendi
2025-10-31 07:36:36 [Info] Tüm yazarlar listelendi.
2025-10-31 07:36:37 [Info] Tüm kategoriler listelendi
2025-10-31 07:37:03 [Info] Tüm kategoriler listelendi
2025-10-31 07:38:55 [Info] Tüm kategoriler listelendi
2025-10-31 07:39:19 [Info] Tüm yazarlar listelendi.
2025-10-31 07:39:19 [Info] Tüm kategoriler listelendi
2025-10-31 08:15:37 [Info] Yeni kullanıcı oluşturuldu: aaasss
2025-10-31 08:15:45 [Info] Kullanıcı girişi başarılı: aaasss
2025-10-31 08:15:47 [Info] Tüm yazarlar listelendi.
2025-10-31 08:15:49 [Info] Tüm kategoriler listelendi
2025-10-31 08:15:49 [Info] Tüm yazarlar listelendi.
2025-10-31 08:15:49 [Info] Tüm kategoriler listelendi
2025-10-31 14:53:50 [Info] Kullanıcı girişi başarılı: zehrauslu
2025-10-31 14:53:57 [Info] Tüm yazarlar listelendi.
2025-10-31 14:53:57 [Info] Tüm kategoriler listelendi
2025-10-31 14:56:00 [Info] Tüm yazarlar listelendi.
2025-10-31 14:56:00 [Info] Tüm kategoriler listelendi
2025-10-31 14:56:52 [Info] Tüm yazarlar listelendi.
2025-10-31 14:56:52 [Info] Tüm kategoriler listelendi
2025-10-31 14:58:05 [Info] Tüm yazarlar listelendi.
2025-10-31 14:58:05 [Info] Tüm kategoriler listelendi
2025-10-31 14:58:10 [Info] Tüm yazarlar listelendi.
2025-10-31 14:58:17 [Info] Tüm yazarlar listelendi.
2025-10-31 14:58:17 [Info] Tüm kategoriler listelendi
2025-10-31 15:18:34 [Info] Tüm kategoriler listelendi
2025-10-31 16:34:00 [Info] Tüm kategoriler listelendi
2025-10-31 16:55:08 [Info] Tüm yazarlar listelendi.
2025-10-31 16:55:10 [Info] Tüm kategoriler listelendi
