2025-11-12 09:10:51 [Info] Tüm yazarlar listelendi.
2025-11-12 09:10:51 [Info] Tüm kategoriler listelendi
2025-11-12 09:11:38 [Info] Tüm kategoriler listelendi
2025-11-12 09:11:38 [Info] Tüm yazarlar listelendi.
2025-11-12 09:12:26 [Info] Kullanıcı girişi başarılı: zehrauslu
2025-11-12 09:12:26 [Info] Tüm yazarlar listelendi.
2025-11-12 09:12:26 [Info] Tüm kategoriler listelendi
2025-11-12 09:12:33 [Info] Tüm yazarlar listelendi.
2025-11-12 09:12:36 [Info] Tüm kategoriler listelendi
2025-11-12 09:12:43 [Info] Tüm yazarlar listelendi.
2025-11-12 09:12:43 [Info] Tüm kategoriler listelendi
2025-11-12 09:12:48 [Info] Tüm yazarlar listelendi.
2025-11-12 09:12:48 [Info] Tüm kategoriler listelendi
2025-11-12 09:19:24 [Info] Tüm yazarlar listelendi.
2025-11-12 09:19:24 [Info] Tüm kategoriler listelendi
2025-11-12 09:19:30 [Info] Tüm yazarlar listelendi.
2025-11-12 09:19:30 [Info] Tüm kategoriler listelendi
2025-11-12 09:19:43 [Info] Tüm yazarlar listelendi.
2025-11-12 09:19:43 [Info] Tüm kategoriler listelendi
2025-11-12 09:30:37 [Info] Tüm yazarlar listelendi.
2025-11-12 09:30:37 [Info] Tüm kategoriler listelendi
2025-11-12 09:30:47 [Info] Tüm yazarlar listelendi.
2025-11-12 09:30:47 [Info] Tüm kategoriler listelendi
2025-11-12 09:30:49 [Info] Tüm yazarlar listelendi.
2025-11-12 09:30:49 [Info] Tüm kategoriler listelendi
2025-11-12 09:35:37 [Info] Kullanıcı girişi başarılı: zehrauslu
2025-11-12 09:35:38 [Info] Tüm yazarlar listelendi.
2025-11-12 09:35:38 [Info] Tüm kategoriler listelendi
2025-11-12 09:35:45 [Info] Tüm yazarlar listelendi.
2025-11-12 09:35:45 [Info] Tüm kategoriler listelendi
2025-11-12 09:37:51 [Info] Tüm yazarlar listelendi.
2025-11-12 09:38:14 [Info] Tüm yazarlar listelendi.
2025-11-12 09:38:14 [Info] Tüm kategoriler listelendi
2025-11-12 09:38:26 [Info] Tüm yazarlar listelendi.
2025-11-12 09:38:33 [Info] Tüm kategoriler listelendi
2025-11-12 09:38:39 [Info] Tüm yazarlar listelendi.
2025-11-12 09:38:39 [Info] Tüm kategoriler listelendi
2025-11-12 09:39:30 [Info] Tüm yazarlar listelendi.
2025-11-12 09:39:30 [Info] Tüm kategoriler listelendi
2025-11-12 09:40:53 [Info] Tüm yazarlar listelendi.
2025-11-12 09:40:53 [Info] Tüm kategoriler listelendi
2025-11-12 09:43:00 [Info] Tüm kategoriler listelendi
2025-11-12 09:43:01 [Info] Tüm yazarlar listelendi.
2025-11-12 09:43:02 [Info] Tüm yazarlar listelendi.
2025-11-12 09:43:02 [Error] Bir hata oluştu
System.IO.IOException: The process cannot access the file 'C:\Users\zehra\Desktop\projeler\KatmanliMimariGenel\UdemyKutuphaneAPI\UdemyKutuphaneApi\logs\2025-11-12.log' because it is being used by another process.
   at Microsoft.Win32.SafeHandles.SafeFileHandle.CreateFile(String fullPath, FileMode mode, FileAccess access, FileShare share, FileOptions options)
   at Microsoft.Win32.SafeHandles.SafeFileHandle.Open(String fullPath, FileMode mode, FileAccess access, FileShare share, FileOptions options, Int64 preallocationSize, Nullable`1 unixCreateMode)
   at System.IO.File.WriteToFile(String path, FileMode mode, String contents, Encoding encoding)
   at kutuphaneServis.Helpers.ZLog.ZLoggerService.Log(String message, LogLevelEnum level, String member, String file) in C:\Users\zehra\Desktop\projeler\KatmanliMimariGenel\kutuphaneServis\Helpers\ZLog\ZLoggerService.cs:line 47
   at kutuphaneServis.Helpers.ZLog.ZLoggerService.Info(String message) in C:\Users\zehra\Desktop\projeler\KatmanliMimariGenel\kutuphaneServis\Helpers\ZLog\ZLoggerService.cs:line 73
   at kutuphaneServis.Services.CategoryService.ListAll() in C:\Users\zehra\Desktop\projeler\KatmanliMimariGenel\kutuphaneServis\Services\CategoryService.cs:line 148
2025-11-12 09:43:09 [Info] Tüm yazarlar listelendi.
2025-11-12 09:43:12 [Info] Tüm kategoriler listelendi
2025-11-12 09:43:13 [Info] Tüm yazarlar listelendi.
2025-11-12 09:43:13 [Info] Tüm kategoriler listelendi
2025-11-12 09:43:32 [Info] Tüm kategoriler listelendi
2025-11-12 09:43:38 [Info] Tüm yazarlar listelendi.
2025-11-12 09:43:46 [Info] Tüm yazarlar listelendi.
2025-11-12 09:43:46 [Error] Bir hata oluştu
System.IO.IOException: The process cannot access the file 'C:\Users\zehra\Desktop\projeler\KatmanliMimariGenel\UdemyKutuphaneAPI\UdemyKutuphaneApi\logs\2025-11-12.log' because it is being used by another process.
   at Microsoft.Win32.SafeHandles.SafeFileHandle.CreateFile(String fullPath, FileMode mode, FileAccess access, FileShare share, FileOptions options)
   at Microsoft.Win32.SafeHandles.SafeFileHandle.Open(String fullPath, FileMode mode, FileAccess access, FileShare share, FileOptions options, Int64 preallocationSize, Nullable`1 unixCreateMode)
   at System.IO.File.WriteToFile(String path, FileMode mode, String contents, Encoding encoding)
   at kutuphaneServis.Helpers.ZLog.ZLoggerService.Log(String message, LogLevelEnum level, String member, String file) in C:\Users\zehra\Desktop\projeler\KatmanliMimariGenel\kutuphaneServis\Helpers\ZLog\ZLoggerService.cs:line 47
   at kutuphaneServis.Helpers.ZLog.ZLoggerService.Info(String message) in C:\Users\zehra\Desktop\projeler\KatmanliMimariGenel\kutuphaneServis\Helpers\ZLog\ZLoggerService.cs:line 73
   at kutuphaneServis.Services.CategoryService.ListAll() in C:\Users\zehra\Desktop\projeler\KatmanliMimariGenel\kutuphaneServis\Services\CategoryService.cs:line 148
2025-11-12 09:43:56 [Info] Tüm kategoriler listelendi
2025-11-12 09:43:56 [Error] Yazarlar getirilirken bir hata oluştu.
System.IO.IOException: The process cannot access the file 'C:\Users\zehra\Desktop\projeler\KatmanliMimariGenel\UdemyKutuphaneAPI\UdemyKutuphaneApi\logs\2025-11-12.log' because it is being used by another process.
   at Microsoft.Win32.SafeHandles.SafeFileHandle.CreateFile(String fullPath, FileMode mode, FileAccess access, FileShare share, FileOptions options)
   at Microsoft.Win32.SafeHandles.SafeFileHandle.Open(String fullPath, FileMode mode, FileAccess access, FileShare share, FileOptions options, Int64 preallocationSize, Nullable`1 unixCreateMode)
   at System.IO.File.WriteToFile(String path, FileMode mode, String contents, Encoding encoding)
   at kutuphaneServis.Helpers.ZLog.ZLoggerService.Log(String message, LogLevelEnum level, String member, String file) in C:\Users\zehra\Desktop\projeler\KatmanliMimariGenel\kutuphaneServis\Helpers\ZLog\ZLoggerService.cs:line 47
   at kutuphaneServis.Helpers.ZLog.ZLoggerService.Info(String message) in C:\Users\zehra\Desktop\projeler\KatmanliMimariGenel\kutuphaneServis\Helpers\ZLog\ZLoggerService.cs:line 73
   at kutuphaneServis.Services.AuthorService.ListAll() in C:\Users\zehra\Desktop\projeler\KatmanliMimariGenel\kutuphaneServis\Services\AuthorService.cs:line 153
2025-11-12 09:44:00 [Info] Tüm kategoriler listelendi
2025-11-12 09:44:00 [Info] Tüm yazarlar listelendi.
2025-11-12 09:44:10 [Info] Tüm yazarlar listelendi.
2025-11-12 09:44:10 [Info] Tüm kategoriler listelendi
2025-11-12 09:57:07 [Info] Kullanıcı girişi başarılı: zehrauslu
2025-11-12 09:57:07 [Info] Tüm yazarlar listelendi.
2025-11-12 09:57:07 [Info] Tüm kategoriler listelendi
2025-11-12 09:57:17 [Info] Tüm yazarlar listelendi.
2025-11-12 09:57:17 [Info] Tüm kategoriler listelendi
2025-11-12 09:57:21 [Info] Tüm yazarlar listelendi.
2025-11-12 09:57:27 [Info] Tüm yazarlar listelendi.
2025-11-12 09:57:27 [Info] Tüm kategoriler listelendi
2025-11-12 09:57:32 [Info] Tüm yazarlar listelendi.
2025-11-12 09:57:32 [Info] Tüm kategoriler listelendi
2025-11-12 09:57:33 [Info] Tüm yazarlar listelendi.
2025-11-12 09:57:41 [Info] Tüm kategoriler listelendi
2025-11-12 09:57:42 [Info] Tüm yazarlar listelendi.
2025-11-12 09:57:42 [Info] Tüm kategoriler listelendi
2025-11-12 09:57:50 [Info] Tüm yazarlar listelendi.
2025-11-12 09:57:50 [Info] Tüm kategoriler listelendi
2025-11-12 10:06:52 [Info] Tüm kategoriler listelendi
2025-11-12 10:06:57 [Info] Tüm yazarlar listelendi.
2025-11-12 10:07:18 [Info] Tüm kategoriler listelendi
2025-11-12 10:07:27 [Info] Tüm yazarlar listelendi.
2025-11-12 10:07:27 [Info] Tüm kategoriler listelendi
2025-11-12 10:33:18 [Info] Tüm yazarlar listelendi.
2025-11-12 10:33:18 [Error] Bir hata oluştu
System.IO.IOException: The process cannot access the file 'C:\Users\zehra\Desktop\projeler\KatmanliMimariGenel\UdemyKutuphaneAPI\UdemyKutuphaneApi\logs\2025-11-12.log' because it is being used by another process.
   at Microsoft.Win32.SafeHandles.SafeFileHandle.CreateFile(String fullPath, FileMode mode, FileAccess access, FileShare share, FileOptions options)
   at Microsoft.Win32.SafeHandles.SafeFileHandle.Open(String fullPath, FileMode mode, FileAccess access, FileShare share, FileOptions options, Int64 preallocationSize, Nullable`1 unixCreateMode)
   at System.IO.File.OpenHandle(String path, FileMode mode, FileAccess access, FileShare share, FileOptions options, Int64 preallocationSize)
   at System.IO.File.WriteToFile(String path, FileMode mode, String contents, Encoding encoding)
   at kutuphaneServis.Helpers.ZLog.ZLoggerService.Log(String message, LogLevelEnum level, String member, String file) in C:\Users\zehra\Desktop\projeler\KatmanliMimariGenel\kutuphaneServis\Helpers\ZLog\ZLoggerService.cs:line 47
   at kutuphaneServis.Helpers.ZLog.ZLoggerService.Info(String message) in C:\Users\zehra\Desktop\projeler\KatmanliMimariGenel\kutuphaneServis\Helpers\ZLog\ZLoggerService.cs:line 73
   at kutuphaneServis.Services.CategoryService.ListAll() in C:\Users\zehra\Desktop\projeler\KatmanliMimariGenel\kutuphaneServis\Services\CategoryService.cs:line 148
2025-11-12 11:25:59 [Info] Tüm kategoriler listelendi
2025-11-12 11:25:59 [Info] Tüm yazarlar listelendi.
2025-11-12 11:26:04 [Info] Kullanıcı girişi başarılı: zehrauslu
2025-11-12 11:26:04 [Info] Tüm kategoriler listelendi
2025-11-12 11:26:05 [Error] Yazarlar getirilirken bir hata oluştu.
System.IO.IOException: The process cannot access the file 'C:\Users\zehra\Desktop\projeler\KatmanliMimariGenel\UdemyKutuphaneAPI\UdemyKutuphaneApi\logs\2025-11-12.log' because it is being used by another process.
   at Microsoft.Win32.SafeHandles.SafeFileHandle.CreateFile(String fullPath, FileMode mode, FileAccess access, FileShare share, FileOptions options)
   at Microsoft.Win32.SafeHandles.SafeFileHandle.Open(String fullPath, FileMode mode, FileAccess access, FileShare share, FileOptions options, Int64 preallocationSize, Nullable`1 unixCreateMode)
   at System.IO.File.OpenHandle(String path, FileMode mode, FileAccess access, FileShare share, FileOptions options, Int64 preallocationSize)
   at System.IO.File.WriteToFile(String path, FileMode mode, String contents, Encoding encoding)
   at kutuphaneServis.Helpers.ZLog.ZLoggerService.Log(String message, LogLevelEnum level, String member, String file) in C:\Users\zehra\Desktop\projeler\KatmanliMimariGenel\kutuphaneServis\Helpers\ZLog\ZLoggerService.cs:line 47
   at kutuphaneServis.Helpers.ZLog.ZLoggerService.Info(String message) in C:\Users\zehra\Desktop\projeler\KatmanliMimariGenel\kutuphaneServis\Helpers\ZLog\ZLoggerService.cs:line 73
   at kutuphaneServis.Services.AuthorService.ListAll() in C:\Users\zehra\Desktop\projeler\KatmanliMimariGenel\kutuphaneServis\Services\AuthorService.cs:line 153
2025-11-12 11:26:12 [Info] Tüm kategoriler listelendi
2025-11-12 11:26:13 [Info] Tüm yazarlar listelendi.
2025-11-12 11:26:17 [Info] Tüm yazarlar listelendi.
2025-11-12 11:26:22 [Info] Tüm yazarlar listelendi.
2025-11-12 11:26:22 [Info] Tüm kategoriler listelendi
2025-11-12 11:29:34 [Info] Tüm yazarlar listelendi.
2025-11-12 11:29:34 [Info] Tüm kategoriler listelendi
2025-11-12 11:29:41 [Info] Tüm yazarlar listelendi.
2025-11-12 11:29:41 [Info] Tüm kategoriler listelendi
2025-11-12 11:31:14 [Info] Tüm yazarlar listelendi.
2025-11-12 11:31:14 [Info] Tüm kategoriler listelendi
2025-11-12 11:31:35 [Info] Tüm yazarlar listelendi.
2025-11-12 11:31:35 [Info] Tüm kategoriler listelendi
2025-11-12 11:32:20 [Info] Tüm yazarlar listelendi.
2025-11-12 11:32:20 [Info] Tüm kategoriler listelendi
2025-11-12 11:35:20 [Info] Tüm yazarlar listelendi.
2025-11-12 11:35:20 [Info] Tüm kategoriler listelendi
2025-11-12 11:36:19 [Info] Tüm yazarlar listelendi.
2025-11-12 11:36:19 [Info] Tüm kategoriler listelendi
2025-11-12 11:36:52 [Info] Tüm yazarlar listelendi.
2025-11-12 11:36:52 [Info] Tüm kategoriler listelendi
2025-11-12 11:37:07 [Info] Tüm yazarlar listelendi.
2025-11-12 11:37:07 [Info] Tüm kategoriler listelendi
2025-11-12 11:55:17 [Info] Tüm kategoriler listelendi
2025-11-12 11:55:18 [Info] Tüm yazarlar listelendi.
2025-11-12 11:55:20 [Info] Tüm yazarlar listelendi.
2025-11-12 11:55:20 [Info] Tüm kategoriler listelendi
2025-11-12 11:59:02 [Info] Kullanıcı girişi başarılı: zehrauslu
2025-11-12 11:59:02 [Info] Tüm yazarlar listelendi.
2025-11-12 11:59:02 [Info] Tüm kategoriler listelendi
2025-11-12 11:59:19 [Info] Tüm yazarlar listelendi.
2025-11-12 11:59:19 [Info] Tüm yazarlar listelendi.
2025-11-12 11:59:19 [Info] Tüm yazarlar listelendi.
2025-11-12 11:59:19 [Info] Tüm yazarlar listelendi.
2025-11-12 11:59:19 [Info] Tüm yazarlar listelendi.
2025-11-12 11:59:19 [Info] Tüm kategoriler listelendi
2025-11-12 11:59:19 [Info] Tüm kategoriler listelendi
2025-11-12 11:59:19 [Info] Tüm kategoriler listelendi
2025-11-12 11:59:19 [Info] Tüm kategoriler listelendi
2025-11-12 11:59:19 [Info] Tüm kategoriler listelendi
2025-11-12 13:49:42 [Info] Kullanıcı girişi başarılı: zehrauslu
2025-11-12 13:49:42 [Info] Tüm yazarlar listelendi.
2025-11-12 13:49:42 [Info] Tüm kategoriler listelendi
2025-11-12 13:49:47 [Info] Tüm yazarlar listelendi.
2025-11-12 13:49:47 [Info] Tüm kategoriler listelendi
2025-11-12 13:49:50 [Info] Tüm yazarlar listelendi.
2025-11-12 13:49:50 [Info] Tüm kategoriler listelendi
2025-11-12 13:50:14 [Info] Tüm yazarlar listelendi.
2025-11-12 13:50:14 [Info] Tüm kategoriler listelendi
2025-11-12 13:50:14 [Info] Tüm yazarlar listelendi.
2025-11-12 13:50:14 [Info] Tüm yazarlar listelendi.
2025-11-12 13:50:14 [Info] Tüm yazarlar listelendi.
2025-11-12 13:50:14 [Info] Tüm yazarlar listelendi.
2025-11-12 13:50:14 [Info] Tüm kategoriler listelendi
2025-11-12 13:50:14 [Info] Tüm kategoriler listelendi
2025-11-12 13:50:14 [Info] Tüm kategoriler listelendi
2025-11-12 13:50:14 [Info] Tüm kategoriler listelendi
2025-11-12 13:55:05 [Info] Tüm yazarlar listelendi.
2025-11-12 13:55:05 [Info] Tüm kategoriler listelendi
2025-11-12 13:56:02 [Info] Tüm yazarlar listelendi.
2025-11-12 13:56:02 [Info] Tüm kategoriler listelendi
2025-11-12 14:00:48 [Info] Tüm yazarlar listelendi.
2025-11-12 14:00:48 [Info] Tüm kategoriler listelendi
2025-11-12 14:01:08 [Info] Tüm yazarlar listelendi.
2025-11-12 14:01:17 [Info] Tüm kategoriler listelendi
2025-11-12 14:01:18 [Info] Tüm yazarlar listelendi.
2025-11-12 14:01:19 [Info] Tüm kategoriler listelendi
2025-11-12 14:01:43 [Info] Tüm yazarlar listelendi.
2025-11-12 14:01:43 [Info] Tüm kategoriler listelendi
2025-11-12 14:01:44 [Info] Tüm kategoriler listelendi
2025-11-12 14:01:45 [Info] Tüm yazarlar listelendi.
2025-11-12 14:01:51 [Info] Tüm yazarlar listelendi.
2025-11-12 14:01:51 [Info] Tüm kategoriler listelendi
2025-11-12 14:01:53 [Info] Tüm kategoriler listelendi
2025-11-12 16:11:04 [Info] Tüm yazarlar listelendi.
2025-11-12 16:11:22 [Info] Kullanıcı girişi başarılı: zehrauslu
2025-11-12 16:12:36 [Info] Tüm yazarlar listelendi.
2025-11-12 16:12:36 [Info] Tüm kategoriler listelendi
2025-11-12 16:12:41 [Info] Tüm yazarlar listelendi.
2025-11-12 16:12:42 [Info] Tüm kategoriler listelendi
2025-11-12 16:12:45 [Info] Tüm yazarlar listelendi.
2025-11-12 17:30:41 [Info] Kullanıcı girişi başarılı: zehrauslu
2025-11-12 17:30:41 [Info] Tüm yazarlar listelendi.
2025-11-12 17:30:44 [Info] Tüm yazarlar listelendi.
2025-11-12 17:30:44 [Info] Tüm kategoriler listelendi
2025-11-12 17:31:43 [Info] Tüm yazarlar listelendi.
2025-11-12 17:31:43 [Info] Tüm kategoriler listelendi
2025-11-12 17:44:01 [Info] Tüm yazarlar listelendi.
2025-11-12 17:44:01 [Info] Tüm kategoriler listelendi
2025-11-12 17:44:47 [Info] Tüm yazarlar listelendi.
2025-11-12 17:44:51 [Info] Tüm yazarlar listelendi.
2025-11-12 17:44:51 [Info] Tüm kategoriler listelendi
