2025-11-19 09:02:04 [Info] Tüm yazarlar listelendi.
2025-11-19 09:02:04 [Error] Bir hata oluştu
System.IO.IOException: The process cannot access the file 'C:\Users\zehra\Desktop\projeler\KatmanliMimariGenel\UdemyKutuphaneAPI\UdemyKutuphaneApi\logs\2025-11-19.log' because it is being used by another process.
   at Microsoft.Win32.SafeHandles.SafeFileHandle.CreateFile(String fullPath, FileMode mode, FileAccess access, FileShare share, FileOptions options)
   at Microsoft.Win32.SafeHandles.SafeFileHandle.Open(String fullPath, FileMode mode, FileAccess access, FileShare share, FileOptions options, Int64 preallocationSize, Nullable`1 unixCreateMode)
   at System.IO.File.OpenHandle(String path, FileMode mode, FileAccess access, FileShare share, FileOptions options, Int64 preallocationSize)
   at System.IO.File.WriteToFile(String path, FileMode mode, String contents, Encoding encoding)
   at kutuphaneServis.Helpers.ZLog.ZLoggerService.Log(String message, LogLevelEnum level, String member, String file) in C:\Users\zehra\Desktop\projeler\KatmanliMimariGenel\kutuphaneServis\Helpers\ZLog\ZLoggerService.cs:line 47
   at kutuphaneServis.Helpers.ZLog.ZLoggerService.Info(String message) in C:\Users\zehra\Desktop\projeler\KatmanliMimariGenel\kutuphaneServis\Helpers\ZLog\ZLoggerService.cs:line 73
   at kutuphaneServis.Services.CategoryService.ListAll() in C:\Users\zehra\Desktop\projeler\KatmanliMimariGenel\kutuphaneServis\Services\CategoryService.cs:line 148
2025-11-19 09:02:14 [Info] Kullanıcı girişi başarılı: zehrauslu
2025-11-19 09:02:14 [Info] Tüm kategoriler listelendi
2025-11-19 09:02:14 [Error] Yazarlar getirilirken bir hata oluştu.
System.IO.IOException: The process cannot access the file 'C:\Users\zehra\Desktop\projeler\KatmanliMimariGenel\UdemyKutuphaneAPI\UdemyKutuphaneApi\logs\2025-11-19.log' because it is being used by another process.
   at Microsoft.Win32.SafeHandles.SafeFileHandle.CreateFile(String fullPath, FileMode mode, FileAccess access, FileShare share, FileOptions options)
   at Microsoft.Win32.SafeHandles.SafeFileHandle.Open(String fullPath, FileMode mode, FileAccess access, FileShare share, FileOptions options, Int64 preallocationSize, Nullable`1 unixCreateMode)
   at System.IO.File.OpenHandle(String path, FileMode mode, FileAccess access, FileShare share, FileOptions options, Int64 preallocationSize)
   at System.IO.File.WriteToFile(String path, FileMode mode, String contents, Encoding encoding)
   at kutuphaneServis.Helpers.ZLog.ZLoggerService.Log(String message, LogLevelEnum level, String member, String file) in C:\Users\zehra\Desktop\projeler\KatmanliMimariGenel\kutuphaneServis\Helpers\ZLog\ZLoggerService.cs:line 47
   at kutuphaneServis.Helpers.ZLog.ZLoggerService.Info(String message) in C:\Users\zehra\Desktop\projeler\KatmanliMimariGenel\kutuphaneServis\Helpers\ZLog\ZLoggerService.cs:line 73
   at kutuphaneServis.Services.AuthorService.ListAll() in C:\Users\zehra\Desktop\projeler\KatmanliMimariGenel\kutuphaneServis\Services\AuthorService.cs:line 153
2025-11-19 09:04:36 [Info] Tüm yazarlar listelendi.
2025-11-19 09:04:36 [Error] Bir hata oluştu
System.IO.IOException: The process cannot access the file 'C:\Users\zehra\Desktop\projeler\KatmanliMimariGenel\UdemyKutuphaneAPI\UdemyKutuphaneApi\logs\2025-11-19.log' because it is being used by another process.
   at Microsoft.Win32.SafeHandles.SafeFileHandle.CreateFile(String fullPath, FileMode mode, FileAccess access, FileShare share, FileOptions options)
   at Microsoft.Win32.SafeHandles.SafeFileHandle.Open(String fullPath, FileMode mode, FileAccess access, FileShare share, FileOptions options, Int64 preallocationSize, Nullable`1 unixCreateMode)
   at System.IO.File.OpenHandle(String path, FileMode mode, FileAccess access, FileShare share, FileOptions options, Int64 preallocationSize)
   at System.IO.File.WriteToFile(String path, FileMode mode, String contents, Encoding encoding)
   at kutuphaneServis.Helpers.ZLog.ZLoggerService.Log(String message, LogLevelEnum level, String member, String file) in C:\Users\zehra\Desktop\projeler\KatmanliMimariGenel\kutuphaneServis\Helpers\ZLog\ZLoggerService.cs:line 47
   at kutuphaneServis.Helpers.ZLog.ZLoggerService.Info(String message) in C:\Users\zehra\Desktop\projeler\KatmanliMimariGenel\kutuphaneServis\Helpers\ZLog\ZLoggerService.cs:line 73
   at kutuphaneServis.Services.CategoryService.ListAll() in C:\Users\zehra\Desktop\projeler\KatmanliMimariGenel\kutuphaneServis\Services\CategoryService.cs:line 148
2025-11-19 09:17:56 [Info] Kullanıcı girişi başarılı: zehus
2025-11-19 09:17:56 [Info] Tüm kategoriler listelendi
2025-11-19 09:17:56 [Info] Tüm yazarlar listelendi.
2025-11-19 09:18:26 [Info] Tüm yazarlar listelendi.
2025-11-19 09:18:26 [Info] Tüm kategoriler listelendi
2025-11-19 09:22:49 [Info] Tüm kategoriler listelendi
2025-11-19 09:22:50 [Info] Tüm yazarlar listelendi.
2025-11-19 09:22:50 [Info] Tüm kategoriler listelendi
2025-11-19 09:22:59 [Info] Tüm yazarlar listelendi.
2025-11-19 09:22:59 [Info] Tüm kategoriler listelendi
2025-11-19 09:23:15 [Info] Tüm yazarlar listelendi.
2025-11-19 09:23:15 [Info] Tüm kategoriler listelendi
2025-11-19 09:25:24 [Info] Tüm yazarlar listelendi.
2025-11-19 09:25:24 [Info] Tüm kategoriler listelendi
2025-11-19 09:25:28 [Info] Tüm kategoriler listelendi
2025-11-19 09:25:34 [Info] Tüm yazarlar listelendi.
2025-11-19 09:25:34 [Info] Tüm kategoriler listelendi
2025-11-19 09:26:27 [Info] Tüm yazarlar listelendi.
2025-11-19 09:26:27 [Info] Tüm kategoriler listelendi
2025-11-19 09:29:37 [Info] Tüm yazarlar listelendi.
2025-11-19 09:29:37 [Info] Tüm kategoriler listelendi
2025-11-19 09:30:07 [Info] Tüm yazarlar listelendi.
2025-11-19 09:30:07 [Info] Tüm kategoriler listelendi
2025-11-19 09:30:51 [Info] Tüm yazarlar listelendi.
2025-11-19 09:30:51 [Info] Tüm kategoriler listelendi
2025-11-19 09:31:15 [Info] Tüm yazarlar listelendi.
2025-11-19 09:31:15 [Info] Tüm kategoriler listelendi
2025-11-19 09:31:30 [Info] Tüm yazarlar listelendi.
2025-11-19 09:31:30 [Info] Tüm kategoriler listelendi
2025-11-19 09:32:31 [Info] Tüm yazarlar listelendi.
2025-11-19 09:32:31 [Info] Tüm kategoriler listelendi
2025-11-19 09:33:07 [Info] Kullanıcı girişi başarılı: zehrauslu
2025-11-19 09:33:08 [Info] Tüm yazarlar listelendi.
2025-11-19 09:33:08 [Info] Tüm kategoriler listelendi
2025-11-19 09:38:55 [Info] Tüm yazarlar listelendi.
2025-11-19 09:38:55 [Info] Tüm kategoriler listelendi
2025-11-19 09:39:03 [Info] Tüm yazarlar listelendi.
2025-11-19 09:39:03 [Info] Tüm kategoriler listelendi
2025-11-19 09:40:41 [Info] Tüm yazarlar listelendi.
2025-11-19 09:40:41 [Info] Tüm kategoriler listelendi
2025-11-19 09:41:13 [Info] Tüm yazarlar listelendi.
2025-11-19 09:41:13 [Info] Tüm kategoriler listelendi
2025-11-19 09:44:13 [Info] Tüm yazarlar listelendi.
2025-11-19 09:44:13 [Info] Tüm kategoriler listelendi
2025-11-19 09:48:39 [Info] Kullanıcı girişi başarılı: zehrauslu
2025-11-19 09:48:39 [Info] Tüm yazarlar listelendi.
2025-11-19 09:48:39 [Info] Tüm kategoriler listelendi
2025-11-19 09:49:57 [Info] Tüm yazarlar listelendi.
2025-11-19 09:49:57 [Info] Tüm kategoriler listelendi
2025-11-19 09:50:38 [Info] Tüm kategoriler listelendi
2025-11-19 09:53:10 [Info] Tüm kategoriler listelendi
2025-11-19 09:53:11 [Info] Tüm kategoriler listelendi
2025-11-19 09:53:11 [Error] Yazarlar getirilirken bir hata oluştu.
System.IO.IOException: The process cannot access the file 'C:\Users\zehra\Desktop\projeler\KatmanliMimariGenel\UdemyKutuphaneAPI\UdemyKutuphaneApi\logs\2025-11-19.log' because it is being used by another process.
   at Microsoft.Win32.SafeHandles.SafeFileHandle.CreateFile(String fullPath, FileMode mode, FileAccess access, FileShare share, FileOptions options)
   at Microsoft.Win32.SafeHandles.SafeFileHandle.Open(String fullPath, FileMode mode, FileAccess access, FileShare share, FileOptions options, Int64 preallocationSize, Nullable`1 unixCreateMode)
   at System.IO.File.WriteToFile(String path, FileMode mode, String contents, Encoding encoding)
   at kutuphaneServis.Helpers.ZLog.ZLoggerService.Log(String message, LogLevelEnum level, String member, String file) in C:\Users\zehra\Desktop\projeler\KatmanliMimariGenel\kutuphaneServis\Helpers\ZLog\ZLoggerService.cs:line 47
   at kutuphaneServis.Helpers.ZLog.ZLoggerService.Info(String message) in C:\Users\zehra\Desktop\projeler\KatmanliMimariGenel\kutuphaneServis\Helpers\ZLog\ZLoggerService.cs:line 73
   at kutuphaneServis.Services.AuthorService.ListAll() in C:\Users\zehra\Desktop\projeler\KatmanliMimariGenel\kutuphaneServis\Services\AuthorService.cs:line 153
2025-11-19 09:53:11 [Info] Tüm yazarlar listelendi.
2025-11-19 09:53:11 [Info] Tüm kategoriler listelendi
2025-11-19 09:53:12 [Info] Tüm yazarlar listelendi.
2025-11-19 09:53:12 [Info] Tüm kategoriler listelendi
2025-11-19 09:53:22 [Info] Tüm yazarlar listelendi.
2025-11-19 09:53:22 [Info] Tüm kategoriler listelendi
2025-11-19 09:54:24 [Info] Tüm yazarlar listelendi.
2025-11-19 09:54:24 [Info] Tüm kategoriler listelendi
2025-11-19 09:56:11 [Info] Tüm yazarlar listelendi.
2025-11-19 09:56:11 [Info] Tüm kategoriler listelendi
2025-11-19 09:56:15 [Info] Tüm yazarlar listelendi.
2025-11-19 09:56:24 [Info] Tüm kategoriler listelendi
2025-11-19 09:56:24 [Error] Yazarlar getirilirken bir hata oluştu.
System.IO.IOException: The process cannot access the file 'C:\Users\zehra\Desktop\projeler\KatmanliMimariGenel\UdemyKutuphaneAPI\UdemyKutuphaneApi\logs\2025-11-19.log' because it is being used by another process.
   at Microsoft.Win32.SafeHandles.SafeFileHandle.CreateFile(String fullPath, FileMode mode, FileAccess access, FileShare share, FileOptions options)
   at Microsoft.Win32.SafeHandles.SafeFileHandle.Open(String fullPath, FileMode mode, FileAccess access, FileShare share, FileOptions options, Int64 preallocationSize, Nullable`1 unixCreateMode)
   at System.IO.File.WriteToFile(String path, FileMode mode, String contents, Encoding encoding)
   at kutuphaneServis.Helpers.ZLog.ZLoggerService.Log(String message, LogLevelEnum level, String member, String file) in C:\Users\zehra\Desktop\projeler\KatmanliMimariGenel\kutuphaneServis\Helpers\ZLog\ZLoggerService.cs:line 47
   at kutuphaneServis.Helpers.ZLog.ZLoggerService.Info(String message) in C:\Users\zehra\Desktop\projeler\KatmanliMimariGenel\kutuphaneServis\Helpers\ZLog\ZLoggerService.cs:line 73
   at kutuphaneServis.Services.AuthorService.ListAll() in C:\Users\zehra\Desktop\projeler\KatmanliMimariGenel\kutuphaneServis\Services\AuthorService.cs:line 153
2025-11-19 10:07:54 [Info] Tüm yazarlar listelendi.
2025-11-19 10:07:54 [Info] Tüm kategoriler listelendi
2025-11-19 10:08:04 [Info] Tüm yazarlar listelendi.
2025-11-19 10:08:04 [Error] Bir hata oluştu
System.IO.IOException: The process cannot access the file 'C:\Users\zehra\Desktop\projeler\KatmanliMimariGenel\UdemyKutuphaneAPI\UdemyKutuphaneApi\logs\2025-11-19.log' because it is being used by another process.
   at Microsoft.Win32.SafeHandles.SafeFileHandle.CreateFile(String fullPath, FileMode mode, FileAccess access, FileShare share, FileOptions options)
   at Microsoft.Win32.SafeHandles.SafeFileHandle.Open(String fullPath, FileMode mode, FileAccess access, FileShare share, FileOptions options, Int64 preallocationSize, Nullable`1 unixCreateMode)
   at System.IO.File.WriteToFile(String path, FileMode mode, String contents, Encoding encoding)
   at kutuphaneServis.Helpers.ZLog.ZLoggerService.Log(String message, LogLevelEnum level, String member, String file) in C:\Users\zehra\Desktop\projeler\KatmanliMimariGenel\kutuphaneServis\Helpers\ZLog\ZLoggerService.cs:line 47
   at kutuphaneServis.Helpers.ZLog.ZLoggerService.Info(String message) in C:\Users\zehra\Desktop\projeler\KatmanliMimariGenel\kutuphaneServis\Helpers\ZLog\ZLoggerService.cs:line 73
   at kutuphaneServis.Services.CategoryService.ListAll() in C:\Users\zehra\Desktop\projeler\KatmanliMimariGenel\kutuphaneServis\Services\CategoryService.cs:line 148
2025-11-19 10:08:11 [Info] Tüm kategoriler listelendi
2025-11-19 10:08:11 [Error] Yazarlar getirilirken bir hata oluştu.
System.IO.IOException: The process cannot access the file 'C:\Users\zehra\Desktop\projeler\KatmanliMimariGenel\UdemyKutuphaneAPI\UdemyKutuphaneApi\logs\2025-11-19.log' because it is being used by another process.
   at Microsoft.Win32.SafeHandles.SafeFileHandle.CreateFile(String fullPath, FileMode mode, FileAccess access, FileShare share, FileOptions options)
   at Microsoft.Win32.SafeHandles.SafeFileHandle.Open(String fullPath, FileMode mode, FileAccess access, FileShare share, FileOptions options, Int64 preallocationSize, Nullable`1 unixCreateMode)
   at System.IO.File.WriteToFile(String path, FileMode mode, String contents, Encoding encoding)
   at kutuphaneServis.Helpers.ZLog.ZLoggerService.Log(String message, LogLevelEnum level, String member, String file) in C:\Users\zehra\Desktop\projeler\KatmanliMimariGenel\kutuphaneServis\Helpers\ZLog\ZLoggerService.cs:line 47
   at kutuphaneServis.Helpers.ZLog.ZLoggerService.Info(String message) in C:\Users\zehra\Desktop\projeler\KatmanliMimariGenel\kutuphaneServis\Helpers\ZLog\ZLoggerService.cs:line 73
   at kutuphaneServis.Services.AuthorService.ListAll() in C:\Users\zehra\Desktop\projeler\KatmanliMimariGenel\kutuphaneServis\Services\AuthorService.cs:line 153
2025-11-19 10:08:21 [Info] Kullanıcı girişi başarılı: zehrauslu
2025-11-19 10:08:21 [Info] Tüm yazarlar listelendi.
2025-11-19 10:08:21 [Error] Bir hata oluştu
System.IO.IOException: The process cannot access the file 'C:\Users\zehra\Desktop\projeler\KatmanliMimariGenel\UdemyKutuphaneAPI\UdemyKutuphaneApi\logs\2025-11-19.log' because it is being used by another process.
   at Microsoft.Win32.SafeHandles.SafeFileHandle.CreateFile(String fullPath, FileMode mode, FileAccess access, FileShare share, FileOptions options)
   at Microsoft.Win32.SafeHandles.SafeFileHandle.Open(String fullPath, FileMode mode, FileAccess access, FileShare share, FileOptions options, Int64 preallocationSize, Nullable`1 unixCreateMode)
   at System.IO.File.WriteToFile(String path, FileMode mode, String contents, Encoding encoding)
   at kutuphaneServis.Helpers.ZLog.ZLoggerService.Log(String message, LogLevelEnum level, String member, String file) in C:\Users\zehra\Desktop\projeler\KatmanliMimariGenel\kutuphaneServis\Helpers\ZLog\ZLoggerService.cs:line 47
   at kutuphaneServis.Helpers.ZLog.ZLoggerService.Info(String message) in C:\Users\zehra\Desktop\projeler\KatmanliMimariGenel\kutuphaneServis\Helpers\ZLog\ZLoggerService.cs:line 73
   at kutuphaneServis.Services.CategoryService.ListAll() in C:\Users\zehra\Desktop\projeler\KatmanliMimariGenel\kutuphaneServis\Services\CategoryService.cs:line 148
2025-11-19 10:12:59 [Info] Tüm yazarlar listelendi.
2025-11-19 10:12:59 [Info] Tüm kategoriler listelendi
2025-11-19 10:13:00 [Info] Tüm kategoriler listelendi
2025-11-19 10:13:01 [Info] Tüm yazarlar listelendi.
2025-11-19 10:13:01 [Info] Tüm yazarlar listelendi.
2025-11-19 10:13:01 [Info] Tüm kategoriler listelendi
2025-11-19 10:13:02 [Info] Tüm kategoriler listelendi
2025-11-19 10:13:02 [Info] Tüm yazarlar listelendi.
2025-11-19 10:13:03 [Info] Tüm kategoriler listelendi
2025-11-19 10:13:05 [Info] Tüm yazarlar listelendi.
2025-11-19 10:13:05 [Info] Tüm kategoriler listelendi
2025-11-19 10:13:22 [Info] Tüm yazarlar listelendi.
2025-11-19 10:13:22 [Info] Tüm kategoriler listelendi
2025-11-19 10:15:58 [Info] Tüm kategoriler listelendi
2025-11-19 10:15:59 [Info] Tüm yazarlar listelendi.
2025-11-19 10:15:59 [Info] Tüm kategoriler listelendi
2025-11-19 10:17:42 [Info] Tüm yazarlar listelendi.
2025-11-19 10:17:42 [Info] Tüm kategoriler listelendi
2025-11-19 10:24:12 [Info] Tüm yazarlar listelendi.
2025-11-19 10:24:12 [Info] Tüm kategoriler listelendi
2025-11-19 10:25:09 [Info] Tüm yazarlar listelendi.
2025-11-19 10:25:09 [Info] Tüm kategoriler listelendi
2025-11-19 10:28:54 [Info] Tüm yazarlar listelendi.
2025-11-19 10:28:54 [Info] Tüm kategoriler listelendi
2025-11-19 10:48:57 [Info] Kullanıcı girişi başarılı: zehrauslu
2025-11-19 10:48:57 [Info] Tüm yazarlar listelendi.
2025-11-19 10:48:57 [Info] Tüm kategoriler listelendi
2025-11-19 10:50:12 [Info] Tüm yazarlar listelendi.
2025-11-19 10:50:12 [Info] Tüm kategoriler listelendi
2025-11-19 10:50:19 [Info] Tüm yazarlar listelendi.
2025-11-19 10:50:19 [Info] Tüm kategoriler listelendi
2025-11-19 10:50:21 [Info] Tüm yazarlar listelendi.
2025-11-19 10:50:21 [Info] Tüm kategoriler listelendi
2025-11-19 11:06:15 [Info] Tüm yazarlar listelendi.
2025-11-19 11:06:15 [Info] Tüm kategoriler listelendi
2025-11-19 11:08:24 [Info] Kullanıcı girişi başarılı: zehrauslu
2025-11-19 11:08:24 [Info] Tüm yazarlar listelendi.
2025-11-19 11:08:24 [Info] Tüm kategoriler listelendi
2025-11-19 11:09:20 [Info] Tüm yazarlar listelendi.
2025-11-19 11:09:21 [Info] Tüm kategoriler listelendi
2025-11-19 11:09:31 [Info] Tüm yazarlar listelendi.
2025-11-19 11:09:31 [Info] Tüm kategoriler listelendi
2025-11-19 11:09:32 [Info] Tüm yazarlar listelendi.
2025-11-19 11:09:32 [Info] Tüm kategoriler listelendi
2025-11-19 11:09:36 [Info] Tüm yazarlar listelendi.
2025-11-19 11:09:36 [Info] Tüm kategoriler listelendi
2025-11-19 11:09:38 [Info] Tüm yazarlar listelendi.
2025-11-19 11:09:38 [Info] Tüm kategoriler listelendi
2025-11-19 11:09:55 [Info] Tüm yazarlar listelendi.
2025-11-19 11:09:55 [Info] Tüm kategoriler listelendi
2025-11-19 11:10:32 [Info] Tüm yazarlar listelendi.
2025-11-19 11:10:32 [Info] Tüm kategoriler listelendi
2025-11-19 11:10:37 [Info] Tüm yazarlar listelendi.
2025-11-19 11:10:37 [Info] Tüm kategoriler listelendi
2025-11-19 11:10:42 [Info] Tüm yazarlar listelendi.
2025-11-19 11:10:42 [Info] Tüm kategoriler listelendi
2025-11-19 11:10:58 [Info] Tüm yazarlar listelendi.
2025-11-19 11:10:58 [Info] Tüm kategoriler listelendi
2025-11-19 11:11:36 [Info] Tüm yazarlar listelendi.
2025-11-19 11:11:36 [Info] Tüm kategoriler listelendi
2025-11-19 11:13:56 [Info] Tüm yazarlar listelendi.
2025-11-19 11:13:56 [Info] Tüm kategoriler listelendi
2025-11-19 11:14:08 [Info] Tüm yazarlar listelendi.
2025-11-19 11:14:08 [Info] Tüm kategoriler listelendi
2025-11-19 11:14:22 [Info] Tüm yazarlar listelendi.
2025-11-19 11:14:23 [Info] Tüm kategoriler listelendi
2025-11-19 11:15:00 [Info] Tüm yazarlar listelendi.
2025-11-19 11:15:00 [Info] Tüm yazarlar listelendi.
2025-11-19 11:15:00 [Info] Tüm yazarlar listelendi.
2025-11-19 11:15:00 [Info] Tüm kategoriler listelendi
2025-11-19 11:15:00 [Info] Tüm kategoriler listelendi
2025-11-19 11:15:00 [Info] Tüm kategoriler listelendi
2025-11-19 11:15:24 [Info] Tüm yazarlar listelendi.
2025-11-19 11:15:24 [Info] Tüm kategoriler listelendi
2025-11-19 11:17:46 [Info] Tüm yazarlar listelendi.
2025-11-19 11:17:46 [Info] Tüm yazarlar listelendi.
2025-11-19 11:17:46 [Info] Tüm kategoriler listelendi
2025-11-19 11:17:46 [Info] Tüm kategoriler listelendi
2025-11-19 11:17:46 [Info] Tüm yazarlar listelendi.
2025-11-19 11:17:46 [Info] Tüm yazarlar listelendi.
2025-11-19 11:17:46 [Info] Tüm yazarlar listelendi.
2025-11-19 11:17:46 [Info] Tüm kategoriler listelendi
2025-11-19 11:17:46 [Info] Tüm kategoriler listelendi
2025-11-19 11:17:46 [Info] Tüm kategoriler listelendi
2025-11-19 11:18:26 [Info] Tüm yazarlar listelendi.
2025-11-19 11:18:26 [Info] Tüm kategoriler listelendi
2025-11-19 11:19:18 [Info] Tüm yazarlar listelendi.
2025-11-19 11:19:18 [Info] Tüm kategoriler listelendi
