2025-10-28 10:33:39 [Info] Tüm kategoriler listelendi
2025-10-28 10:33:41 [Info] Tüm yazarlar listelendi.
2025-10-28 10:34:23 [Info] Tüm kategoriler listelendi
2025-10-28 10:34:36 [Info] Tüm yazarlar listelendi.
2025-10-28 10:34:40 [Info] Tüm kategoriler listelendi
2025-10-28 10:54:31 [Info] Tüm yazarlar listelendi.
2025-10-28 11:18:29 [Info] Tüm kategoriler listelendi
2025-10-28 11:22:24 [Info] Tüm yazarlar listelendi.
2025-10-28 11:22:25 [Info] Tüm kategoriler listelendi
2025-10-28 11:24:45 [Info] Tüm kategoriler listelendi
2025-10-28 11:24:48 [Info] Tüm yazarlar listelendi.
2025-10-28 11:24:51 [Info] Tüm kategoriler listelendi
2025-10-28 11:28:35 [Info] Tüm yazarlar listelendi.
2025-10-28 11:28:37 [Info] Tüm kategoriler listelendi
2025-10-28 11:28:39 [Info] Tüm yazarlar listelendi.
2025-10-28 11:28:45 [Warn] İsimle yazar bulunamadı.
2025-10-28 11:28:45 [Warn] İsimle yazar bulunamadı.
2025-10-28 11:28:45 [Warn] İsimle yazar bulunamadı.
2025-10-28 11:28:45 [Warn] İsimle yazar bulunamadı.
2025-10-28 11:28:46 [Warn] İsimle yazar bulunamadı.
2025-10-28 11:28:48 [Warn] İsimle yazar bulunamadı.
2025-10-28 11:28:49 [Warn] İsimle yazar bulunamadı.
2025-10-28 11:28:49 [Warn] İsimle yazar bulunamadı.
2025-10-28 11:28:49 [Warn] İsimle yazar bulunamadı.
2025-10-28 11:28:54 [Warn] İsimle yazar bulunamadı.
2025-10-28 11:28:54 [Warn] İsimle yazar bulunamadı.
2025-10-28 11:28:54 [Warn] İsimle yazar bulunamadı.
2025-10-28 11:28:55 [Info] İsimle yazar bulundu: yavs
2025-10-28 11:28:56 [Warn] İsimle yazar bulunamadı.
2025-10-28 11:28:57 [Warn] İsimle yazar bulunamadı.
2025-10-28 11:28:57 [Warn] İsimle yazar bulunamadı.
2025-10-28 11:29:01 [Info] Tüm kategoriler listelendi
2025-10-28 11:29:04 [Warn] kategori bulunamadı
2025-10-28 11:29:04 [Warn] kategori bulunamadı
2025-10-28 11:29:05 [Warn] kategori bulunamadı
2025-10-28 11:29:08 [Info] kategori bulundu: a
2025-10-28 11:29:08 [Info] kategori bulundu: aş
2025-10-28 11:29:09 [Info] kategori bulundu: aşk
2025-10-28 11:29:09 [Info] kategori bulundu: aş
2025-10-28 11:29:10 [Info] kategori bulundu: a
2025-10-28 11:29:11 [Info] Tüm yazarlar listelendi.
2025-10-28 11:29:16 [Warn] İsimle yazar bulunamadı.
2025-10-28 11:29:16 [Warn] İsimle yazar bulunamadı.
2025-10-28 11:29:16 [Warn] İsimle yazar bulunamadı.
2025-10-28 11:29:16 [Warn] İsimle yazar bulunamadı.
2025-10-28 11:29:20 [Warn] İsimle yazar bulunamadı.
2025-10-28 11:29:21 [Warn] İsimle yazar bulunamadı.
2025-10-28 11:29:21 [Warn] İsimle yazar bulunamadı.
2025-10-28 11:41:05 [Info] Tüm yazarlar listelendi.
2025-10-28 11:41:07 [Info] Tüm kategoriler listelendi
2025-10-28 11:41:18 [Info] Tüm kategoriler listelendi
2025-10-28 11:41:21 [Info] Tüm yazarlar listelendi.
2025-10-28 11:41:30 [Info] Tüm kategoriler listelendi
2025-10-28 11:41:31 [Info] Tüm yazarlar listelendi.
2025-10-28 11:41:41 [Info] Tüm kategoriler listelendi
2025-10-28 11:43:57 [Info] Tüm kategoriler listelendi
2025-10-28 11:43:59 [Info] Tüm yazarlar listelendi.
2025-10-28 11:44:01 [Info] Tüm kategoriler listelendi
2025-10-28 11:44:02 [Info] Tüm yazarlar listelendi.
2025-10-28 11:44:02 [Info] Tüm kategoriler listelendi
2025-10-28 11:44:03 [Info] Tüm kategoriler listelendi
2025-10-28 11:44:04 [Info] Tüm yazarlar listelendi.
2025-10-28 11:46:15 [Info] Tüm yazarlar listelendi.
2025-10-28 11:46:29 [Info] Tüm yazarlar listelendi.
2025-10-28 11:46:31 [Info] Tüm kategoriler listelendi
2025-10-28 11:46:35 [Info] Tüm kategoriler listelendi
2025-10-28 11:46:36 [Info] Tüm yazarlar listelendi.
2025-10-28 11:46:59 [Info] Tüm yazarlar listelendi.
2025-10-28 11:47:03 [Info] Tüm kategoriler listelendi
2025-10-28 11:47:28 [Info] Tüm kategoriler listelendi
2025-10-28 11:47:33 [Info] Tüm kategoriler listelendi
2025-10-28 11:47:34 [Info] Tüm yazarlar listelendi.
2025-10-28 11:47:34 [Info] Tüm kategoriler listelendi
